== Phase 1 ==
MEM: abs=11703785881 bytes
== Phase 2 ==
CPU: threads=28 util=0.94 duration=169s
[metrics] name=DL elapsed_s=1.0 alloc_bytes=11703785881 VmRSS_kib=11432448
[metrics] name=DL elapsed_s=3.4 alloc_bytes=11703785881 VmRSS_kib=11432448
[metrics] name=DL elapsed_s=3.4 alloc_bytes=11703785881 VmRSS_kib=11432448
[metrics] name=DL elapsed_s=4.0 alloc_bytes=11703785881 VmRSS_kib=11432448
[metrics] name=DL elapsed_s=5.0 alloc_bytes=11703785881 VmRSS_kib=11432448
[metrics] name=DL elapsed_s=6.0 alloc_bytes=11703785881 VmRSS_kib=11432448
[metrics] name=DL elapsed_s=7.0 alloc_bytes=11703785881 VmRSS_kib=11432448
[metrics] name=DL elapsed_s=8.0 alloc_bytes=11703785881 VmRSS_kib=11432448
[metrics] name=DL elapsed_s=9.0 alloc_bytes=11703785881 VmRSS_kib=11432448
[metrics] name=DL elapsed_s=10.0 alloc_bytes=11703785881 VmRSS_kib=11432448
[metrics] name=DL elapsed_s=11.0 alloc_bytes=11703785881 VmRSS_kib=11432448
[metrics] name=DL elapsed_s=12.0 alloc_bytes=11703785881 VmRSS_kib=11432448
[metrics] name=DL elapsed_s=13.0 alloc_bytes=11703785881 VmRSS_kib=11432448
[metrics] name=DL elapsed_s=14.0 alloc_bytes=11703785881 VmRSS_kib=11432448
[metrics] name=DL elapsed_s=15.0 alloc_bytes=11703785881 VmRSS_kib=11432448
[metrics] name=DL elapsed_s=16.0 alloc_bytes=11703785881 VmRSS_kib=11432448
[metrics] name=DL elapsed_s=17.0 alloc_bytes=11703785881 VmRSS_kib=11432448
[metrics] name=DL elapsed_s=18.0 alloc_bytes=11703785881 VmRSS_kib=11432448
[metrics] name=DL elapsed_s=19.0 alloc_bytes=11703785881 VmRSS_kib=11432448
[metrics] name=DL elapsed_s=20.0 alloc_bytes=11703785881 VmRSS_kib=11432448
[metrics] name=DL elapsed_s=21.0 alloc_bytes=11703785881 VmRSS_kib=11432448
[metrics] name=DL elapsed_s=22.0 alloc_bytes=11703785881 VmRSS_kib=11432448
[metrics] name=DL elapsed_s=23.0 alloc_bytes=11703785881 VmRSS_kib=11432448
[metrics] name=DL elapsed_s=24.0 alloc_bytes=11703785881 VmRSS_kib=11432448
[metrics] name=DL elapsed_s=25.0 alloc_bytes=11703785881 VmRSS_kib=11432448
[metrics] name=DL elapsed_s=26.0 alloc_bytes=11703785881 VmRSS_kib=11432448
[metrics] name=DL elapsed_s=27.0 alloc_bytes=11703785881 VmRSS_kib=11432448
[metrics] name=DL elapsed_s=28.0 alloc_bytes=11703785881 VmRSS_kib=11432448
[metrics] name=DL elapsed_s=29.0 alloc_bytes=11703785881 VmRSS_kib=11432448
[metrics] name=DL elapsed_s=30.0 alloc_bytes=11703785881 VmRSS_kib=11432448
[metrics] name=DL elapsed_s=31.0 alloc_bytes=11703785881 VmRSS_kib=11432448
[metrics] name=DL elapsed_s=32.0 alloc_bytes=11703785881 VmRSS_kib=11432448
[metrics] name=DL elapsed_s=33.0 alloc_bytes=11703785881 VmRSS_kib=11432448
[metrics] name=DL elapsed_s=34.0 alloc_bytes=11703785881 VmRSS_kib=11432448
[metrics] name=DL elapsed_s=35.0 alloc_bytes=11703785881 VmRSS_kib=11432448
[metrics] name=DL elapsed_s=36.0 alloc_bytes=11703785881 VmRSS_kib=11432448
[metrics] name=DL elapsed_s=37.0 alloc_bytes=11703785881 VmRSS_kib=11432448
[metrics] name=DL elapsed_s=38.0 alloc_bytes=11703785881 VmRSS_kib=11432448
[metrics] name=DL elapsed_s=39.0 alloc_bytes=11703785881 VmRSS_kib=11432448
[metrics] name=DL elapsed_s=40.0 alloc_bytes=11703785881 VmRSS_kib=11432448
[metrics] name=DL elapsed_s=41.0 alloc_bytes=11703785881 VmRSS_kib=11432448
[metrics] name=DL elapsed_s=42.0 alloc_bytes=11703785881 VmRSS_kib=11432448
[metrics] name=DL elapsed_s=43.0 alloc_bytes=11703785881 VmRSS_kib=11432448
[metrics] name=DL elapsed_s=44.0 alloc_bytes=11703785881 VmRSS_kib=11432448
[metrics] name=DL elapsed_s=45.0 alloc_bytes=11703785881 VmRSS_kib=11432448
[metrics] name=DL elapsed_s=46.0 alloc_bytes=11703785881 VmRSS_kib=11432448
[metrics] name=DL elapsed_s=47.0 alloc_bytes=11703785881 VmRSS_kib=11432448
[metrics] name=DL elapsed_s=48.0 alloc_bytes=11703785881 VmRSS_kib=11432448
[metrics] name=DL elapsed_s=49.0 alloc_bytes=11703785881 VmRSS_kib=11432448
[metrics] name=DL elapsed_s=50.0 alloc_bytes=11703785881 VmRSS_kib=11432448
[metrics] name=DL elapsed_s=51.0 alloc_bytes=11703785881 VmRSS_kib=11432448
[metrics] name=DL elapsed_s=52.0 alloc_bytes=11703785881 VmRSS_kib=11432448
[metrics] name=DL elapsed_s=53.0 alloc_bytes=11703785881 VmRSS_kib=11432448
[metrics] name=DL elapsed_s=54.0 alloc_bytes=11703785881 VmRSS_kib=11432448
[metrics] name=DL elapsed_s=55.0 alloc_bytes=11703785881 VmRSS_kib=11432448
[metrics] name=DL elapsed_s=56.0 alloc_bytes=11703785881 VmRSS_kib=11432448
[metrics] name=DL elapsed_s=57.0 alloc_bytes=11703785881 VmRSS_kib=11432448
[metrics] name=DL elapsed_s=58.1 alloc_bytes=11703785881 VmRSS_kib=11432448
[metrics] name=DL elapsed_s=59.0 alloc_bytes=11703785881 VmRSS_kib=11432448
[metrics] name=DL elapsed_s=60.0 alloc_bytes=11703785881 VmRSS_kib=11432448
[metrics] name=DL elapsed_s=61.0 alloc_bytes=11703785881 VmRSS_kib=11432448
[metrics] name=DL elapsed_s=62.0 alloc_bytes=11703785881 VmRSS_kib=11432448
[metrics] name=DL elapsed_s=63.0 alloc_bytes=11703785881 VmRSS_kib=11432448
[metrics] name=DL elapsed_s=64.0 alloc_bytes=11703785881 VmRSS_kib=11432448
[metrics] name=DL elapsed_s=65.0 alloc_bytes=11703785881 VmRSS_kib=11432448
[metrics] name=DL elapsed_s=66.0 alloc_bytes=11703785881 VmRSS_kib=11432448
[metrics] name=DL elapsed_s=67.0 alloc_bytes=11703785881 VmRSS_kib=11432448
[metrics] name=DL elapsed_s=68.0 alloc_bytes=11703785881 VmRSS_kib=11432448
[metrics] name=DL elapsed_s=69.0 alloc_bytes=11703785881 VmRSS_kib=11432448
[metrics] name=DL elapsed_s=70.0 alloc_bytes=11703785881 VmRSS_kib=11432448
[metrics] name=DL elapsed_s=71.0 alloc_bytes=11703785881 VmRSS_kib=11432448
[metrics] name=DL elapsed_s=72.0 alloc_bytes=11703785881 VmRSS_kib=11432448
[metrics] name=DL elapsed_s=73.0 alloc_bytes=11703785881 VmRSS_kib=11432448
[metrics] name=DL elapsed_s=74.0 alloc_bytes=11703785881 VmRSS_kib=11432448
[metrics] name=DL elapsed_s=75.0 alloc_bytes=11703785881 VmRSS_kib=11432448
[metrics] name=DL elapsed_s=76.0 alloc_bytes=11703785881 VmRSS_kib=11432448
[metrics] name=DL elapsed_s=77.0 alloc_bytes=11703785881 VmRSS_kib=11432448
[metrics] name=DL elapsed_s=78.0 alloc_bytes=11703785881 VmRSS_kib=11432448
[metrics] name=DL elapsed_s=79.0 alloc_bytes=11703785881 VmRSS_kib=11432448
[metrics] name=DL elapsed_s=80.0 alloc_bytes=11703785881 VmRSS_kib=11432448
[metrics] name=DL elapsed_s=81.0 alloc_bytes=11703785881 VmRSS_kib=11432448
[metrics] name=DL elapsed_s=82.0 alloc_bytes=11703785881 VmRSS_kib=11432448
[metrics] name=DL elapsed_s=83.0 alloc_bytes=11703785881 VmRSS_kib=11432448
[metrics] name=DL elapsed_s=84.0 alloc_bytes=11703785881 VmRSS_kib=11432448
[metrics] name=DL elapsed_s=85.0 alloc_bytes=11703785881 VmRSS_kib=11432448
[metrics] name=DL elapsed_s=86.0 alloc_bytes=11703785881 VmRSS_kib=11432448
[metrics] name=DL elapsed_s=87.0 alloc_bytes=11703785881 VmRSS_kib=11432448
[metrics] name=DL elapsed_s=88.0 alloc_bytes=11703785881 VmRSS_kib=11432448
[metrics] name=DL elapsed_s=89.0 alloc_bytes=11703785881 VmRSS_kib=11432448
[metrics] name=DL elapsed_s=90.0 alloc_bytes=11703785881 VmRSS_kib=11432448
[metrics] name=DL elapsed_s=91.0 alloc_bytes=11703785881 VmRSS_kib=11432448
[metrics] name=DL elapsed_s=92.0 alloc_bytes=11703785881 VmRSS_kib=11432448
[metrics] name=DL elapsed_s=93.0 alloc_bytes=11703785881 VmRSS_kib=11432448
[metrics] name=DL elapsed_s=94.0 alloc_bytes=11703785881 VmRSS_kib=11432448
[metrics] name=DL elapsed_s=95.0 alloc_bytes=11703785881 VmRSS_kib=11432448
[metrics] name=DL elapsed_s=96.0 alloc_bytes=11703785881 VmRSS_kib=11432448
[metrics] name=DL elapsed_s=97.0 alloc_bytes=11703785881 VmRSS_kib=11432448
[metrics] name=DL elapsed_s=98.0 alloc_bytes=11703785881 VmRSS_kib=11432448
[metrics] name=DL elapsed_s=99.0 alloc_bytes=11703785881 VmRSS_kib=11432448
[metrics] name=DL elapsed_s=100.0 alloc_bytes=11703785881 VmRSS_kib=11432448
[metrics] name=DL elapsed_s=101.0 alloc_bytes=11703785881 VmRSS_kib=11432448
[metrics] name=DL elapsed_s=102.0 alloc_bytes=11703785881 VmRSS_kib=11432448
[metrics] name=DL elapsed_s=103.0 alloc_bytes=11703785881 VmRSS_kib=11432448
[metrics] name=DL elapsed_s=104.0 alloc_bytes=11703785881 VmRSS_kib=11432448
[metrics] name=DL elapsed_s=105.0 alloc_bytes=11703785881 VmRSS_kib=11432448
[metrics] name=DL elapsed_s=106.0 alloc_bytes=11703785881 VmRSS_kib=11432448
[metrics] name=DL elapsed_s=107.0 alloc_bytes=11703785881 VmRSS_kib=11432448
[metrics] name=DL elapsed_s=108.0 alloc_bytes=11703785881 VmRSS_kib=11432448
[metrics] name=DL elapsed_s=109.0 alloc_bytes=11703785881 VmRSS_kib=11432448
[metrics] name=DL elapsed_s=110.0 alloc_bytes=11703785881 VmRSS_kib=11432448
[metrics] name=DL elapsed_s=111.0 alloc_bytes=11703785881 VmRSS_kib=11432448
[metrics] name=DL elapsed_s=112.0 alloc_bytes=11703785881 VmRSS_kib=11432448
[metrics] name=DL elapsed_s=113.0 alloc_bytes=11703785881 VmRSS_kib=11432448
[metrics] name=DL elapsed_s=114.0 alloc_bytes=11703785881 VmRSS_kib=11432448
[metrics] name=DL elapsed_s=115.0 alloc_bytes=11703785881 VmRSS_kib=11432448
[metrics] name=DL elapsed_s=116.0 alloc_bytes=11703785881 VmRSS_kib=11432448
[metrics] name=DL elapsed_s=117.0 alloc_bytes=11703785881 VmRSS_kib=11432448
[metrics] name=DL elapsed_s=118.0 alloc_bytes=11703785881 VmRSS_kib=11432448
[metrics] name=DL elapsed_s=119.0 alloc_bytes=11703785881 VmRSS_kib=11432448
[metrics] name=DL elapsed_s=120.0 alloc_bytes=11703785881 VmRSS_kib=11432448
[metrics] name=DL elapsed_s=121.0 alloc_bytes=11703785881 VmRSS_kib=11432448
[metrics] name=DL elapsed_s=122.0 alloc_bytes=11703785881 VmRSS_kib=11432448
[metrics] name=DL elapsed_s=123.0 alloc_bytes=11703785881 VmRSS_kib=11432448
[metrics] name=DL elapsed_s=124.0 alloc_bytes=11703785881 VmRSS_kib=11432448
[metrics] name=DL elapsed_s=125.0 alloc_bytes=11703785881 VmRSS_kib=11432448
[metrics] name=DL elapsed_s=126.0 alloc_bytes=11703785881 VmRSS_kib=11432448
[metrics] name=DL elapsed_s=127.0 alloc_bytes=11703785881 VmRSS_kib=11432448
[metrics] name=DL elapsed_s=128.0 alloc_bytes=11703785881 VmRSS_kib=11432448
[metrics] name=DL elapsed_s=129.0 alloc_bytes=11703785881 VmRSS_kib=11432448
[metrics] name=DL elapsed_s=130.0 alloc_bytes=11703785881 VmRSS_kib=11432448
[metrics] name=DL elapsed_s=131.0 alloc_bytes=11703785881 VmRSS_kib=11432448
[metrics] name=DL elapsed_s=132.0 alloc_bytes=11703785881 VmRSS_kib=11432448
[metrics] name=DL elapsed_s=133.0 alloc_bytes=11703785881 VmRSS_kib=11432448
[metrics] name=DL elapsed_s=134.0 alloc_bytes=11703785881 VmRSS_kib=11432448
[metrics] name=DL elapsed_s=135.0 alloc_bytes=11703785881 VmRSS_kib=11432448
[metrics] name=DL elapsed_s=136.0 alloc_bytes=11703785881 VmRSS_kib=11432448
[metrics] name=DL elapsed_s=137.0 alloc_bytes=11703785881 VmRSS_kib=11432448
[metrics] name=DL elapsed_s=138.0 alloc_bytes=11703785881 VmRSS_kib=11432448
[metrics] name=DL elapsed_s=139.0 alloc_bytes=11703785881 VmRSS_kib=11432448
[metrics] name=DL elapsed_s=140.0 alloc_bytes=11703785881 VmRSS_kib=11432448
[metrics] name=DL elapsed_s=141.0 alloc_bytes=11703785881 VmRSS_kib=11432448
[metrics] name=DL elapsed_s=142.0 alloc_bytes=11703785881 VmRSS_kib=11432448
[metrics] name=DL elapsed_s=143.0 alloc_bytes=11703785881 VmRSS_kib=11432448
[metrics] name=DL elapsed_s=144.0 alloc_bytes=11703785881 VmRSS_kib=11432448
[metrics] name=DL elapsed_s=145.0 alloc_bytes=11703785881 VmRSS_kib=11432448
[metrics] name=DL elapsed_s=146.0 alloc_bytes=11703785881 VmRSS_kib=11432448
[metrics] name=DL elapsed_s=147.0 alloc_bytes=11703785881 VmRSS_kib=11432448
[metrics] name=DL elapsed_s=148.0 alloc_bytes=11703785881 VmRSS_kib=11432448
[metrics] name=DL elapsed_s=149.0 alloc_bytes=11703785881 VmRSS_kib=11432448
[metrics] name=DL elapsed_s=150.0 alloc_bytes=11703785881 VmRSS_kib=11432448
[metrics] name=DL elapsed_s=151.0 alloc_bytes=11703785881 VmRSS_kib=11432448
[metrics] name=DL elapsed_s=152.0 alloc_bytes=11703785881 VmRSS_kib=11432448
[metrics] name=DL elapsed_s=153.0 alloc_bytes=11703785881 VmRSS_kib=11432448
[metrics] name=DL elapsed_s=154.0 alloc_bytes=11703785881 VmRSS_kib=11432448
[metrics] name=DL elapsed_s=155.0 alloc_bytes=11703785881 VmRSS_kib=11432448
[metrics] name=DL elapsed_s=156.0 alloc_bytes=11703785881 VmRSS_kib=11432448
[metrics] name=DL elapsed_s=157.0 alloc_bytes=11703785881 VmRSS_kib=11432448
[metrics] name=DL elapsed_s=158.0 alloc_bytes=11703785881 VmRSS_kib=11432448
[metrics] name=DL elapsed_s=159.0 alloc_bytes=11703785881 VmRSS_kib=11432448
[metrics] name=DL elapsed_s=160.0 alloc_bytes=11703785881 VmRSS_kib=11432448
[metrics] name=DL elapsed_s=161.0 alloc_bytes=11703785881 VmRSS_kib=11432448
[metrics] name=DL elapsed_s=162.0 alloc_bytes=11703785881 VmRSS_kib=11432448
[metrics] name=DL elapsed_s=163.0 alloc_bytes=11703785881 VmRSS_kib=11432448
[metrics] name=DL elapsed_s=164.0 alloc_bytes=11703785881 VmRSS_kib=11432448
[metrics] name=DL elapsed_s=165.0 alloc_bytes=11703785881 VmRSS_kib=11432448
[metrics] name=DL elapsed_s=166.0 alloc_bytes=11703785881 VmRSS_kib=11432448
[metrics] name=DL elapsed_s=167.0 alloc_bytes=11703785881 VmRSS_kib=11432448
[metrics] name=DL elapsed_s=168.0 alloc_bytes=11703785881 VmRSS_kib=11432448
[metrics] name=DL elapsed_s=169.0 alloc_bytes=11703785881 VmRSS_kib=11432448
[metrics] name=DL elapsed_s=170.0 alloc_bytes=11703785881 VmRSS_kib=11432448
[metrics] name=DL elapsed_s=171.0 alloc_bytes=11703785881 VmRSS_kib=11432448
[metrics] name=DL elapsed_s=172.0 alloc_bytes=11703785881 VmRSS_kib=11432448
== Phase 3 ==
MEM: +=12348030976 bytes
== Phase 4 ==
SLEEP: duration=11.0s
[metrics] name=DL elapsed_s=173.0 alloc_bytes=24051816857 VmRSS_kib=23490816
[metrics] name=DL elapsed_s=176.0 alloc_bytes=24051816857 VmRSS_kib=23490816
[metrics] name=DL elapsed_s=176.0 alloc_bytes=24051816857 VmRSS_kib=23490816
[metrics] name=DL elapsed_s=176.0 alloc_bytes=24051816857 VmRSS_kib=23490816
[metrics] name=DL elapsed_s=177.0 alloc_bytes=24051816857 VmRSS_kib=23490816
[metrics] name=DL elapsed_s=178.0 alloc_bytes=24051816857 VmRSS_kib=23490816
[metrics] name=DL elapsed_s=179.0 alloc_bytes=24051816857 VmRSS_kib=23490816
[metrics] name=DL elapsed_s=180.0 alloc_bytes=24051816857 VmRSS_kib=23490816
[metrics] name=DL elapsed_s=181.0 alloc_bytes=24051816857 VmRSS_kib=23490816
[metrics] name=DL elapsed_s=182.0 alloc_bytes=24051816857 VmRSS_kib=23490816
[metrics] name=DL elapsed_s=183.0 alloc_bytes=24051816857 VmRSS_kib=23490816
[metrics] name=DL elapsed_s=184.0 alloc_bytes=24051816857 VmRSS_kib=23490816
[metrics] name=DL elapsed_s=185.0 alloc_bytes=24051816857 VmRSS_kib=23490816
[metrics] name=DL elapsed_s=186.0 alloc_bytes=24051816857 VmRSS_kib=23490816
== Phase 5 ==
MEM: -=12348030976 bytes
== Phase 6 ==
CPU: threads=28 util=0.9 duration=174.0s
[metrics] name=DL elapsed_s=187.0 alloc_bytes=11703785881 VmRSS_kib=11432200
[metrics] name=DL elapsed_s=188.0 alloc_bytes=11703785881 VmRSS_kib=11432200
[metrics] name=DL elapsed_s=189.0 alloc_bytes=11703785881 VmRSS_kib=11432200
[metrics] name=DL elapsed_s=190.0 alloc_bytes=11703785881 VmRSS_kib=11432200
[metrics] name=DL elapsed_s=191.0 alloc_bytes=11703785881 VmRSS_kib=11432200
[metrics] name=DL elapsed_s=192.0 alloc_bytes=11703785881 VmRSS_kib=11432200
[metrics] name=DL elapsed_s=193.0 alloc_bytes=11703785881 VmRSS_kib=11432200
[metrics] name=DL elapsed_s=194.0 alloc_bytes=11703785881 VmRSS_kib=11432200
[metrics] name=DL elapsed_s=195.0 alloc_bytes=11703785881 VmRSS_kib=11432200
[metrics] name=DL elapsed_s=196.0 alloc_bytes=11703785881 VmRSS_kib=11432200
[metrics] name=DL elapsed_s=197.0 alloc_bytes=11703785881 VmRSS_kib=11432200
[metrics] name=DL elapsed_s=198.0 alloc_bytes=11703785881 VmRSS_kib=11432200
[metrics] name=DL elapsed_s=199.0 alloc_bytes=11703785881 VmRSS_kib=11432200
[metrics] name=DL elapsed_s=200.0 alloc_bytes=11703785881 VmRSS_kib=11432200
[metrics] name=DL elapsed_s=201.0 alloc_bytes=11703785881 VmRSS_kib=11432200
[metrics] name=DL elapsed_s=202.0 alloc_bytes=11703785881 VmRSS_kib=11432200
[metrics] name=DL elapsed_s=203.0 alloc_bytes=11703785881 VmRSS_kib=11432200
[metrics] name=DL elapsed_s=204.0 alloc_bytes=11703785881 VmRSS_kib=11432200
[metrics] name=DL elapsed_s=205.0 alloc_bytes=11703785881 VmRSS_kib=11432200
[metrics] name=DL elapsed_s=206.0 alloc_bytes=11703785881 VmRSS_kib=11432200
[metrics] name=DL elapsed_s=207.0 alloc_bytes=11703785881 VmRSS_kib=11432200
[metrics] name=DL elapsed_s=208.0 alloc_bytes=11703785881 VmRSS_kib=11432200
[metrics] name=DL elapsed_s=209.0 alloc_bytes=11703785881 VmRSS_kib=11432200
[metrics] name=DL elapsed_s=210.0 alloc_bytes=11703785881 VmRSS_kib=11432200
[metrics] name=DL elapsed_s=211.0 alloc_bytes=11703785881 VmRSS_kib=11432200
[metrics] name=DL elapsed_s=212.1 alloc_bytes=11703785881 VmRSS_kib=11432200
[metrics] name=DL elapsed_s=213.0 alloc_bytes=11703785881 VmRSS_kib=11432200
[metrics] name=DL elapsed_s=214.0 alloc_bytes=11703785881 VmRSS_kib=11432200
[metrics] name=DL elapsed_s=215.0 alloc_bytes=11703785881 VmRSS_kib=11432200
[metrics] name=DL elapsed_s=216.0 alloc_bytes=11703785881 VmRSS_kib=11432200
[metrics] name=DL elapsed_s=217.0 alloc_bytes=11703785881 VmRSS_kib=11432200
[metrics] name=DL elapsed_s=218.0 alloc_bytes=11703785881 VmRSS_kib=11432200
[metrics] name=DL elapsed_s=219.0 alloc_bytes=11703785881 VmRSS_kib=11432200
[metrics] name=DL elapsed_s=220.0 alloc_bytes=11703785881 VmRSS_kib=11432200
[metrics] name=DL elapsed_s=221.0 alloc_bytes=11703785881 VmRSS_kib=11432200
[metrics] name=DL elapsed_s=222.0 alloc_bytes=11703785881 VmRSS_kib=11432200
[metrics] name=DL elapsed_s=223.0 alloc_bytes=11703785881 VmRSS_kib=11432200
[metrics] name=DL elapsed_s=224.0 alloc_bytes=11703785881 VmRSS_kib=11432200
[metrics] name=DL elapsed_s=225.0 alloc_bytes=11703785881 VmRSS_kib=11432200
[metrics] name=DL elapsed_s=226.0 alloc_bytes=11703785881 VmRSS_kib=11432200
[metrics] name=DL elapsed_s=227.0 alloc_bytes=11703785881 VmRSS_kib=11432200
[metrics] name=DL elapsed_s=228.0 alloc_bytes=11703785881 VmRSS_kib=11432200
[metrics] name=DL elapsed_s=229.0 alloc_bytes=11703785881 VmRSS_kib=11432200
[metrics] name=DL elapsed_s=230.0 alloc_bytes=11703785881 VmRSS_kib=11432200
[metrics] name=DL elapsed_s=231.0 alloc_bytes=11703785881 VmRSS_kib=11432200
[metrics] name=DL elapsed_s=232.0 alloc_bytes=11703785881 VmRSS_kib=11432200
[metrics] name=DL elapsed_s=233.0 alloc_bytes=11703785881 VmRSS_kib=11432200
[metrics] name=DL elapsed_s=234.0 alloc_bytes=11703785881 VmRSS_kib=11432200
[metrics] name=DL elapsed_s=235.0 alloc_bytes=11703785881 VmRSS_kib=11432200
[metrics] name=DL elapsed_s=236.0 alloc_bytes=11703785881 VmRSS_kib=11432200
[metrics] name=DL elapsed_s=237.0 alloc_bytes=11703785881 VmRSS_kib=11432200
[metrics] name=DL elapsed_s=238.0 alloc_bytes=11703785881 VmRSS_kib=11432200
[metrics] name=DL elapsed_s=239.0 alloc_bytes=11703785881 VmRSS_kib=11432200
[metrics] name=DL elapsed_s=240.0 alloc_bytes=11703785881 VmRSS_kib=11432200
[metrics] name=DL elapsed_s=241.0 alloc_bytes=11703785881 VmRSS_kib=11432200
[metrics] name=DL elapsed_s=242.0 alloc_bytes=11703785881 VmRSS_kib=11432200
[metrics] name=DL elapsed_s=243.0 alloc_bytes=11703785881 VmRSS_kib=11432200
[metrics] name=DL elapsed_s=244.0 alloc_bytes=11703785881 VmRSS_kib=11432200
[metrics] name=DL elapsed_s=245.0 alloc_bytes=11703785881 VmRSS_kib=11432200
[metrics] name=DL elapsed_s=246.0 alloc_bytes=11703785881 VmRSS_kib=11432200
[metrics] name=DL elapsed_s=247.0 alloc_bytes=11703785881 VmRSS_kib=11432200
[metrics] name=DL elapsed_s=248.0 alloc_bytes=11703785881 VmRSS_kib=11432200
[metrics] name=DL elapsed_s=249.0 alloc_bytes=11703785881 VmRSS_kib=11432200
[metrics] name=DL elapsed_s=250.0 alloc_bytes=11703785881 VmRSS_kib=11432200
[metrics] name=DL elapsed_s=251.0 alloc_bytes=11703785881 VmRSS_kib=11432200
[metrics] name=DL elapsed_s=252.0 alloc_bytes=11703785881 VmRSS_kib=11432200
[metrics] name=DL elapsed_s=253.0 alloc_bytes=11703785881 VmRSS_kib=11432200
[metrics] name=DL elapsed_s=254.0 alloc_bytes=11703785881 VmRSS_kib=11432200
[metrics] name=DL elapsed_s=255.0 alloc_bytes=11703785881 VmRSS_kib=11432200
[metrics] name=DL elapsed_s=256.0 alloc_bytes=11703785881 VmRSS_kib=11432200
[metrics] name=DL elapsed_s=257.0 alloc_bytes=11703785881 VmRSS_kib=11432200
[metrics] name=DL elapsed_s=258.0 alloc_bytes=11703785881 VmRSS_kib=11432200
[metrics] name=DL elapsed_s=259.0 alloc_bytes=11703785881 VmRSS_kib=11432200
[metrics] name=DL elapsed_s=260.0 alloc_bytes=11703785881 VmRSS_kib=11432200
[metrics] name=DL elapsed_s=261.0 alloc_bytes=11703785881 VmRSS_kib=11432200
[metrics] name=DL elapsed_s=262.0 alloc_bytes=11703785881 VmRSS_kib=11432200
[metrics] name=DL elapsed_s=263.0 alloc_bytes=11703785881 VmRSS_kib=11432200
[metrics] name=DL elapsed_s=264.0 alloc_bytes=11703785881 VmRSS_kib=11432200
[metrics] name=DL elapsed_s=265.0 alloc_bytes=11703785881 VmRSS_kib=11432200
[metrics] name=DL elapsed_s=266.0 alloc_bytes=11703785881 VmRSS_kib=11432200
[metrics] name=DL elapsed_s=267.0 alloc_bytes=11703785881 VmRSS_kib=11432200
[metrics] name=DL elapsed_s=268.0 alloc_bytes=11703785881 VmRSS_kib=11432200
[metrics] name=DL elapsed_s=269.0 alloc_bytes=11703785881 VmRSS_kib=11432200
[metrics] name=DL elapsed_s=270.0 alloc_bytes=11703785881 VmRSS_kib=11432200
[metrics] name=DL elapsed_s=271.0 alloc_bytes=11703785881 VmRSS_kib=11432200
[metrics] name=DL elapsed_s=272.0 alloc_bytes=11703785881 VmRSS_kib=11432200
[metrics] name=DL elapsed_s=273.0 alloc_bytes=11703785881 VmRSS_kib=11432200
[metrics] name=DL elapsed_s=274.0 alloc_bytes=11703785881 VmRSS_kib=11432200
[metrics] name=DL elapsed_s=275.0 alloc_bytes=11703785881 VmRSS_kib=11432200
[metrics] name=DL elapsed_s=276.0 alloc_bytes=11703785881 VmRSS_kib=11432200
[metrics] name=DL elapsed_s=277.0 alloc_bytes=11703785881 VmRSS_kib=11432200
[metrics] name=DL elapsed_s=278.0 alloc_bytes=11703785881 VmRSS_kib=11432200
[metrics] name=DL elapsed_s=279.0 alloc_bytes=11703785881 VmRSS_kib=11432200
[metrics] name=DL elapsed_s=280.0 alloc_bytes=11703785881 VmRSS_kib=11432200
[metrics] name=DL elapsed_s=281.0 alloc_bytes=11703785881 VmRSS_kib=11432200
[metrics] name=DL elapsed_s=282.0 alloc_bytes=11703785881 VmRSS_kib=11432200
[metrics] name=DL elapsed_s=283.0 alloc_bytes=11703785881 VmRSS_kib=11432200
[metrics] name=DL elapsed_s=284.0 alloc_bytes=11703785881 VmRSS_kib=11432200
[metrics] name=DL elapsed_s=285.0 alloc_bytes=11703785881 VmRSS_kib=11432200
[metrics] name=DL elapsed_s=286.0 alloc_bytes=11703785881 VmRSS_kib=11432200
[metrics] name=DL elapsed_s=287.0 alloc_bytes=11703785881 VmRSS_kib=11432200
[metrics] name=DL elapsed_s=288.0 alloc_bytes=11703785881 VmRSS_kib=11432200
[metrics] name=DL elapsed_s=289.0 alloc_bytes=11703785881 VmRSS_kib=11432200
[metrics] name=DL elapsed_s=290.0 alloc_bytes=11703785881 VmRSS_kib=11432200
[metrics] name=DL elapsed_s=291.0 alloc_bytes=11703785881 VmRSS_kib=11432200
[metrics] name=DL elapsed_s=292.0 alloc_bytes=11703785881 VmRSS_kib=11432200
[metrics] name=DL elapsed_s=293.0 alloc_bytes=11703785881 VmRSS_kib=11432200
[metrics] name=DL elapsed_s=294.0 alloc_bytes=11703785881 VmRSS_kib=11432200
[metrics] name=DL elapsed_s=295.0 alloc_bytes=11703785881 VmRSS_kib=11432200
[metrics] name=DL elapsed_s=296.0 alloc_bytes=11703785881 VmRSS_kib=11432200
[metrics] name=DL elapsed_s=297.0 alloc_bytes=11703785881 VmRSS_kib=11432200
[metrics] name=DL elapsed_s=298.0 alloc_bytes=11703785881 VmRSS_kib=11432200
[metrics] name=DL elapsed_s=299.0 alloc_bytes=11703785881 VmRSS_kib=11432200
[metrics] name=DL elapsed_s=300.0 alloc_bytes=11703785881 VmRSS_kib=11432200
[metrics] name=DL elapsed_s=301.0 alloc_bytes=11703785881 VmRSS_kib=11432200
[metrics] name=DL elapsed_s=302.0 alloc_bytes=11703785881 VmRSS_kib=11432200
[metrics] name=DL elapsed_s=303.0 alloc_bytes=11703785881 VmRSS_kib=11432200
[metrics] name=DL elapsed_s=304.0 alloc_bytes=11703785881 VmRSS_kib=11432200
[metrics] name=DL elapsed_s=305.0 alloc_bytes=11703785881 VmRSS_kib=11432200
[metrics] name=DL elapsed_s=306.0 alloc_bytes=11703785881 VmRSS_kib=11432200
[metrics] name=DL elapsed_s=307.0 alloc_bytes=11703785881 VmRSS_kib=11432200
[metrics] name=DL elapsed_s=308.0 alloc_bytes=11703785881 VmRSS_kib=11432200
[metrics] name=DL elapsed_s=309.0 alloc_bytes=11703785881 VmRSS_kib=11432200
[metrics] name=DL elapsed_s=310.0 alloc_bytes=11703785881 VmRSS_kib=11432200
[metrics] name=DL elapsed_s=311.0 alloc_bytes=11703785881 VmRSS_kib=11432200
[metrics] name=DL elapsed_s=312.0 alloc_bytes=11703785881 VmRSS_kib=11432200
[metrics] name=DL elapsed_s=313.0 alloc_bytes=11703785881 VmRSS_kib=11432200
[metrics] name=DL elapsed_s=314.0 alloc_bytes=11703785881 VmRSS_kib=11432200
[metrics] name=DL elapsed_s=315.0 alloc_bytes=11703785881 VmRSS_kib=11432200
[metrics] name=DL elapsed_s=316.0 alloc_bytes=11703785881 VmRSS_kib=11432200
[metrics] name=DL elapsed_s=317.0 alloc_bytes=11703785881 VmRSS_kib=11432200
[metrics] name=DL elapsed_s=318.0 alloc_bytes=11703785881 VmRSS_kib=11432200
[metrics] name=DL elapsed_s=319.0 alloc_bytes=11703785881 VmRSS_kib=11432200
[metrics] name=DL elapsed_s=320.0 alloc_bytes=11703785881 VmRSS_kib=11432200
[metrics] name=DL elapsed_s=321.0 alloc_bytes=11703785881 VmRSS_kib=11432200
[metrics] name=DL elapsed_s=322.0 alloc_bytes=11703785881 VmRSS_kib=11432200
[metrics] name=DL elapsed_s=323.0 alloc_bytes=11703785881 VmRSS_kib=11432200
[metrics] name=DL elapsed_s=324.0 alloc_bytes=11703785881 VmRSS_kib=11432200
[metrics] name=DL elapsed_s=325.0 alloc_bytes=11703785881 VmRSS_kib=11432200
[metrics] name=DL elapsed_s=326.0 alloc_bytes=11703785881 VmRSS_kib=11432200
[metrics] name=DL elapsed_s=327.0 alloc_bytes=11703785881 VmRSS_kib=11432200
[metrics] name=DL elapsed_s=328.0 alloc_bytes=11703785881 VmRSS_kib=11432200
[metrics] name=DL elapsed_s=329.0 alloc_bytes=11703785881 VmRSS_kib=11432200
[metrics] name=DL elapsed_s=330.0 alloc_bytes=11703785881 VmRSS_kib=11432200
[metrics] name=DL elapsed_s=331.0 alloc_bytes=11703785881 VmRSS_kib=11432200
[metrics] name=DL elapsed_s=332.0 alloc_bytes=11703785881 VmRSS_kib=11432200
[metrics] name=DL elapsed_s=333.0 alloc_bytes=11703785881 VmRSS_kib=11432200
[metrics] name=DL elapsed_s=334.0 alloc_bytes=11703785881 VmRSS_kib=11432200
[metrics] name=DL elapsed_s=335.0 alloc_bytes=11703785881 VmRSS_kib=11432200
[metrics] name=DL elapsed_s=336.0 alloc_bytes=11703785881 VmRSS_kib=11432200
[metrics] name=DL elapsed_s=337.0 alloc_bytes=11703785881 VmRSS_kib=11432200
[metrics] name=DL elapsed_s=338.0 alloc_bytes=11703785881 VmRSS_kib=11432200
[metrics] name=DL elapsed_s=339.0 alloc_bytes=11703785881 VmRSS_kib=11432200
[metrics] name=DL elapsed_s=340.0 alloc_bytes=11703785881 VmRSS_kib=11432200
[metrics] name=DL elapsed_s=341.0 alloc_bytes=11703785881 VmRSS_kib=11432200
[metrics] name=DL elapsed_s=342.0 alloc_bytes=11703785881 VmRSS_kib=11432200
[metrics] name=DL elapsed_s=343.0 alloc_bytes=11703785881 VmRSS_kib=11432200
[metrics] name=DL elapsed_s=344.0 alloc_bytes=11703785881 VmRSS_kib=11432200
[metrics] name=DL elapsed_s=345.0 alloc_bytes=11703785881 VmRSS_kib=11432200
[metrics] name=DL elapsed_s=346.0 alloc_bytes=11703785881 VmRSS_kib=11432200
[metrics] name=DL elapsed_s=347.0 alloc_bytes=11703785881 VmRSS_kib=11432200
[metrics] name=DL elapsed_s=348.0 alloc_bytes=11703785881 VmRSS_kib=11432200
[metrics] name=DL elapsed_s=349.0 alloc_bytes=11703785881 VmRSS_kib=11432200
[metrics] name=DL elapsed_s=350.0 alloc_bytes=11703785881 VmRSS_kib=11432200
[metrics] name=DL elapsed_s=351.0 alloc_bytes=11703785881 VmRSS_kib=11432200
[metrics] name=DL elapsed_s=352.0 alloc_bytes=11703785881 VmRSS_kib=11432200
[metrics] name=DL elapsed_s=353.0 alloc_bytes=11703785881 VmRSS_kib=11432200
[metrics] name=DL elapsed_s=354.0 alloc_bytes=11703785881 VmRSS_kib=11432200
[metrics] name=DL elapsed_s=355.0 alloc_bytes=11703785881 VmRSS_kib=11432200
[metrics] name=DL elapsed_s=356.0 alloc_bytes=11703785881 VmRSS_kib=11432200
[metrics] name=DL elapsed_s=357.0 alloc_bytes=11703785881 VmRSS_kib=11432200
[metrics] name=DL elapsed_s=358.0 alloc_bytes=11703785881 VmRSS_kib=11432200
[metrics] name=DL elapsed_s=359.0 alloc_bytes=11703785881 VmRSS_kib=11432200
[metrics] name=DL elapsed_s=360.0 alloc_bytes=11703785881 VmRSS_kib=11432200
[metrics] name=DL elapsed_s=361.0 alloc_bytes=11703785881 VmRSS_kib=11432200
== Phase 7 ==
MEM: +=12348030976 bytes
== Phase 8 ==
SLEEP: duration=18.0s
[metrics] name=DL elapsed_s=362.0 alloc_bytes=24051816857 VmRSS_kib=23490568
[metrics] name=DL elapsed_s=364.8 alloc_bytes=24051816857 VmRSS_kib=23490568
[metrics] name=DL elapsed_s=364.8 alloc_bytes=24051816857 VmRSS_kib=23490568
[metrics] name=DL elapsed_s=365.0 alloc_bytes=24051816857 VmRSS_kib=23490568
[metrics] name=DL elapsed_s=366.0 alloc_bytes=24051816857 VmRSS_kib=23490568
[metrics] name=DL elapsed_s=367.0 alloc_bytes=24051816857 VmRSS_kib=23490568
[metrics] name=DL elapsed_s=368.0 alloc_bytes=24051816857 VmRSS_kib=23490568
[metrics] name=DL elapsed_s=369.0 alloc_bytes=24051816857 VmRSS_kib=23490568
[metrics] name=DL elapsed_s=370.0 alloc_bytes=24051816857 VmRSS_kib=23490568
[metrics] name=DL elapsed_s=371.0 alloc_bytes=24051816857 VmRSS_kib=23490568
[metrics] name=DL elapsed_s=372.0 alloc_bytes=24051816857 VmRSS_kib=23490568
[metrics] name=DL elapsed_s=373.0 alloc_bytes=24051816857 VmRSS_kib=23490568
[metrics] name=DL elapsed_s=374.0 alloc_bytes=24051816857 VmRSS_kib=23490568
[metrics] name=DL elapsed_s=375.0 alloc_bytes=24051816857 VmRSS_kib=23490568
[metrics] name=DL elapsed_s=376.0 alloc_bytes=24051816857 VmRSS_kib=23490568
[metrics] name=DL elapsed_s=377.0 alloc_bytes=24051816857 VmRSS_kib=23490568
[metrics] name=DL elapsed_s=378.0 alloc_bytes=24051816857 VmRSS_kib=23490568
[metrics] name=DL elapsed_s=379.0 alloc_bytes=24051816857 VmRSS_kib=23490568
[metrics] name=DL elapsed_s=380.0 alloc_bytes=24051816857 VmRSS_kib=23490568
[metrics] name=DL elapsed_s=381.0 alloc_bytes=24051816857 VmRSS_kib=23490568
[metrics] name=DL elapsed_s=382.0 alloc_bytes=24051816857 VmRSS_kib=23490568
== Phase 9 ==
MEM: -=12348030976 bytes
== Phase 10 ==
CPU: threads=26 util=0.9 duration=131.0s
[metrics] name=DL elapsed_s=383.0 alloc_bytes=11703785881 VmRSS_kib=11432016
[metrics] name=DL elapsed_s=384.0 alloc_bytes=11703785881 VmRSS_kib=11432016
[metrics] name=DL elapsed_s=385.0 alloc_bytes=11703785881 VmRSS_kib=11432016
[metrics] name=DL elapsed_s=386.0 alloc_bytes=11703785881 VmRSS_kib=11432016
[metrics] name=DL elapsed_s=387.0 alloc_bytes=11703785881 VmRSS_kib=11432016
[metrics] name=DL elapsed_s=388.0 alloc_bytes=11703785881 VmRSS_kib=11432016
[metrics] name=DL elapsed_s=389.0 alloc_bytes=11703785881 VmRSS_kib=11432016
[metrics] name=DL elapsed_s=390.0 alloc_bytes=11703785881 VmRSS_kib=11432016
[metrics] name=DL elapsed_s=391.0 alloc_bytes=11703785881 VmRSS_kib=11432016
[metrics] name=DL elapsed_s=392.0 alloc_bytes=11703785881 VmRSS_kib=11432016
[metrics] name=DL elapsed_s=393.0 alloc_bytes=11703785881 VmRSS_kib=11432016
[metrics] name=DL elapsed_s=394.0 alloc_bytes=11703785881 VmRSS_kib=11432016
[metrics] name=DL elapsed_s=395.0 alloc_bytes=11703785881 VmRSS_kib=11432016
[metrics] name=DL elapsed_s=396.0 alloc_bytes=11703785881 VmRSS_kib=11432016
[metrics] name=DL elapsed_s=397.0 alloc_bytes=11703785881 VmRSS_kib=11432016
[metrics] name=DL elapsed_s=398.0 alloc_bytes=11703785881 VmRSS_kib=11432016
[metrics] name=DL elapsed_s=399.0 alloc_bytes=11703785881 VmRSS_kib=11432016
[metrics] name=DL elapsed_s=400.1 alloc_bytes=11703785881 VmRSS_kib=11432016
[metrics] name=DL elapsed_s=401.0 alloc_bytes=11703785881 VmRSS_kib=11432016
[metrics] name=DL elapsed_s=402.0 alloc_bytes=11703785881 VmRSS_kib=11432016
[metrics] name=DL elapsed_s=403.0 alloc_bytes=11703785881 VmRSS_kib=11432016
[metrics] name=DL elapsed_s=404.0 alloc_bytes=11703785881 VmRSS_kib=11432016
[metrics] name=DL elapsed_s=405.0 alloc_bytes=11703785881 VmRSS_kib=11432016
[metrics] name=DL elapsed_s=406.0 alloc_bytes=11703785881 VmRSS_kib=11432016
[metrics] name=DL elapsed_s=407.0 alloc_bytes=11703785881 VmRSS_kib=11432016
[metrics] name=DL elapsed_s=408.0 alloc_bytes=11703785881 VmRSS_kib=11432016
[metrics] name=DL elapsed_s=409.0 alloc_bytes=11703785881 VmRSS_kib=11432016
[metrics] name=DL elapsed_s=410.0 alloc_bytes=11703785881 VmRSS_kib=11432016
[metrics] name=DL elapsed_s=411.0 alloc_bytes=11703785881 VmRSS_kib=11432016
[metrics] name=DL elapsed_s=412.0 alloc_bytes=11703785881 VmRSS_kib=11432016
[metrics] name=DL elapsed_s=413.0 alloc_bytes=11703785881 VmRSS_kib=11432016
[metrics] name=DL elapsed_s=414.0 alloc_bytes=11703785881 VmRSS_kib=11432016
[metrics] name=DL elapsed_s=415.0 alloc_bytes=11703785881 VmRSS_kib=11432016
[metrics] name=DL elapsed_s=416.0 alloc_bytes=11703785881 VmRSS_kib=11432016
[metrics] name=DL elapsed_s=417.0 alloc_bytes=11703785881 VmRSS_kib=11432016
[metrics] name=DL elapsed_s=418.0 alloc_bytes=11703785881 VmRSS_kib=11432016
[metrics] name=DL elapsed_s=419.0 alloc_bytes=11703785881 VmRSS_kib=11432016
[metrics] name=DL elapsed_s=420.0 alloc_bytes=11703785881 VmRSS_kib=11432016
[metrics] name=DL elapsed_s=421.0 alloc_bytes=11703785881 VmRSS_kib=11432016
[metrics] name=DL elapsed_s=422.0 alloc_bytes=11703785881 VmRSS_kib=11432016
[metrics] name=DL elapsed_s=423.0 alloc_bytes=11703785881 VmRSS_kib=11432016
[metrics] name=DL elapsed_s=424.0 alloc_bytes=11703785881 VmRSS_kib=11432016
[metrics] name=DL elapsed_s=425.0 alloc_bytes=11703785881 VmRSS_kib=11432016
[metrics] name=DL elapsed_s=426.0 alloc_bytes=11703785881 VmRSS_kib=11432016
[metrics] name=DL elapsed_s=427.0 alloc_bytes=11703785881 VmRSS_kib=11432016
[metrics] name=DL elapsed_s=428.0 alloc_bytes=11703785881 VmRSS_kib=11432016
[metrics] name=DL elapsed_s=429.0 alloc_bytes=11703785881 VmRSS_kib=11432016
[metrics] name=DL elapsed_s=430.0 alloc_bytes=11703785881 VmRSS_kib=11432016
[metrics] name=DL elapsed_s=431.0 alloc_bytes=11703785881 VmRSS_kib=11432016
[metrics] name=DL elapsed_s=432.0 alloc_bytes=11703785881 VmRSS_kib=11432016
[metrics] name=DL elapsed_s=433.0 alloc_bytes=11703785881 VmRSS_kib=11432016
[metrics] name=DL elapsed_s=434.0 alloc_bytes=11703785881 VmRSS_kib=11432016
[metrics] name=DL elapsed_s=435.0 alloc_bytes=11703785881 VmRSS_kib=11432016
[metrics] name=DL elapsed_s=436.0 alloc_bytes=11703785881 VmRSS_kib=11432016
[metrics] name=DL elapsed_s=437.0 alloc_bytes=11703785881 VmRSS_kib=11432016
[metrics] name=DL elapsed_s=438.0 alloc_bytes=11703785881 VmRSS_kib=11432016
[metrics] name=DL elapsed_s=439.0 alloc_bytes=11703785881 VmRSS_kib=11432016
[metrics] name=DL elapsed_s=440.0 alloc_bytes=11703785881 VmRSS_kib=11432016
[metrics] name=DL elapsed_s=441.0 alloc_bytes=11703785881 VmRSS_kib=11432016
[metrics] name=DL elapsed_s=442.0 alloc_bytes=11703785881 VmRSS_kib=11432016
[metrics] name=DL elapsed_s=443.0 alloc_bytes=11703785881 VmRSS_kib=11432016
[metrics] name=DL elapsed_s=444.0 alloc_bytes=11703785881 VmRSS_kib=11432016
[metrics] name=DL elapsed_s=445.0 alloc_bytes=11703785881 VmRSS_kib=11432016
[metrics] name=DL elapsed_s=446.0 alloc_bytes=11703785881 VmRSS_kib=11432016
[metrics] name=DL elapsed_s=447.0 alloc_bytes=11703785881 VmRSS_kib=11432016
[metrics] name=DL elapsed_s=448.0 alloc_bytes=11703785881 VmRSS_kib=11432016
[metrics] name=DL elapsed_s=449.0 alloc_bytes=11703785881 VmRSS_kib=11432016
[metrics] name=DL elapsed_s=450.0 alloc_bytes=11703785881 VmRSS_kib=11432016
[metrics] name=DL elapsed_s=451.0 alloc_bytes=11703785881 VmRSS_kib=11432016
[metrics] name=DL elapsed_s=452.0 alloc_bytes=11703785881 VmRSS_kib=11432016
[metrics] name=DL elapsed_s=453.0 alloc_bytes=11703785881 VmRSS_kib=11432016
[metrics] name=DL elapsed_s=454.0 alloc_bytes=11703785881 VmRSS_kib=11432016
[metrics] name=DL elapsed_s=455.0 alloc_bytes=11703785881 VmRSS_kib=11432016
[metrics] name=DL elapsed_s=456.0 alloc_bytes=11703785881 VmRSS_kib=11432016
[metrics] name=DL elapsed_s=457.0 alloc_bytes=11703785881 VmRSS_kib=11432016
[metrics] name=DL elapsed_s=458.0 alloc_bytes=11703785881 VmRSS_kib=11432016
[metrics] name=DL elapsed_s=459.0 alloc_bytes=11703785881 VmRSS_kib=11432016
[metrics] name=DL elapsed_s=460.0 alloc_bytes=11703785881 VmRSS_kib=11432016
[metrics] name=DL elapsed_s=461.0 alloc_bytes=11703785881 VmRSS_kib=11432016
[metrics] name=DL elapsed_s=462.0 alloc_bytes=11703785881 VmRSS_kib=11432016
[metrics] name=DL elapsed_s=463.0 alloc_bytes=11703785881 VmRSS_kib=11432016
[metrics] name=DL elapsed_s=464.0 alloc_bytes=11703785881 VmRSS_kib=11432016
[metrics] name=DL elapsed_s=465.0 alloc_bytes=11703785881 VmRSS_kib=11432016
[metrics] name=DL elapsed_s=466.0 alloc_bytes=11703785881 VmRSS_kib=11432016
[metrics] name=DL elapsed_s=467.0 alloc_bytes=11703785881 VmRSS_kib=11432016
[metrics] name=DL elapsed_s=468.0 alloc_bytes=11703785881 VmRSS_kib=11432016
[metrics] name=DL elapsed_s=469.0 alloc_bytes=11703785881 VmRSS_kib=11432016
[metrics] name=DL elapsed_s=470.0 alloc_bytes=11703785881 VmRSS_kib=11432016
[metrics] name=DL elapsed_s=471.0 alloc_bytes=11703785881 VmRSS_kib=11432016
[metrics] name=DL elapsed_s=472.0 alloc_bytes=11703785881 VmRSS_kib=11432016
[metrics] name=DL elapsed_s=473.0 alloc_bytes=11703785881 VmRSS_kib=11432016
[metrics] name=DL elapsed_s=474.0 alloc_bytes=11703785881 VmRSS_kib=11432016
[metrics] name=DL elapsed_s=475.0 alloc_bytes=11703785881 VmRSS_kib=11432016
[metrics] name=DL elapsed_s=476.0 alloc_bytes=11703785881 VmRSS_kib=11432016
[metrics] name=DL elapsed_s=477.0 alloc_bytes=11703785881 VmRSS_kib=11432016
[metrics] name=DL elapsed_s=478.0 alloc_bytes=11703785881 VmRSS_kib=11432016
[metrics] name=DL elapsed_s=479.0 alloc_bytes=11703785881 VmRSS_kib=11432016
[metrics] name=DL elapsed_s=480.0 alloc_bytes=11703785881 VmRSS_kib=11432016
[metrics] name=DL elapsed_s=481.0 alloc_bytes=11703785881 VmRSS_kib=11432016
[metrics] name=DL elapsed_s=482.0 alloc_bytes=11703785881 VmRSS_kib=11432016
[metrics] name=DL elapsed_s=483.0 alloc_bytes=11703785881 VmRSS_kib=11432016
[metrics] name=DL elapsed_s=484.0 alloc_bytes=11703785881 VmRSS_kib=11432016
[metrics] name=DL elapsed_s=485.0 alloc_bytes=11703785881 VmRSS_kib=11432016
[metrics] name=DL elapsed_s=486.0 alloc_bytes=11703785881 VmRSS_kib=11432016
[metrics] name=DL elapsed_s=487.0 alloc_bytes=11703785881 VmRSS_kib=11432016
[metrics] name=DL elapsed_s=488.0 alloc_bytes=11703785881 VmRSS_kib=11432016
[metrics] name=DL elapsed_s=489.0 alloc_bytes=11703785881 VmRSS_kib=11432016
[metrics] name=DL elapsed_s=490.0 alloc_bytes=11703785881 VmRSS_kib=11432016
[metrics] name=DL elapsed_s=491.0 alloc_bytes=11703785881 VmRSS_kib=11432016
[metrics] name=DL elapsed_s=492.0 alloc_bytes=11703785881 VmRSS_kib=11432016
[metrics] name=DL elapsed_s=493.0 alloc_bytes=11703785881 VmRSS_kib=11432016
[metrics] name=DL elapsed_s=494.0 alloc_bytes=11703785881 VmRSS_kib=11432016
[metrics] name=DL elapsed_s=495.0 alloc_bytes=11703785881 VmRSS_kib=11432016
[metrics] name=DL elapsed_s=496.0 alloc_bytes=11703785881 VmRSS_kib=11432016
[metrics] name=DL elapsed_s=497.0 alloc_bytes=11703785881 VmRSS_kib=11432016
[metrics] name=DL elapsed_s=498.0 alloc_bytes=11703785881 VmRSS_kib=11432016
[metrics] name=DL elapsed_s=499.0 alloc_bytes=11703785881 VmRSS_kib=11432016
[metrics] name=DL elapsed_s=500.0 alloc_bytes=11703785881 VmRSS_kib=11432016
[metrics] name=DL elapsed_s=501.0 alloc_bytes=11703785881 VmRSS_kib=11432016
[metrics] name=DL elapsed_s=502.0 alloc_bytes=11703785881 VmRSS_kib=11432016
[metrics] name=DL elapsed_s=503.0 alloc_bytes=11703785881 VmRSS_kib=11432016
[metrics] name=DL elapsed_s=504.0 alloc_bytes=11703785881 VmRSS_kib=11432016
[metrics] name=DL elapsed_s=505.0 alloc_bytes=11703785881 VmRSS_kib=11432016
[metrics] name=DL elapsed_s=506.0 alloc_bytes=11703785881 VmRSS_kib=11432016
[metrics] name=DL elapsed_s=507.0 alloc_bytes=11703785881 VmRSS_kib=11432016
[metrics] name=DL elapsed_s=508.0 alloc_bytes=11703785881 VmRSS_kib=11432016
[metrics] name=DL elapsed_s=509.0 alloc_bytes=11703785881 VmRSS_kib=11432016
[metrics] name=DL elapsed_s=510.0 alloc_bytes=11703785881 VmRSS_kib=11432016
[metrics] name=DL elapsed_s=511.0 alloc_bytes=11703785881 VmRSS_kib=11432016
[metrics] name=DL elapsed_s=512.0 alloc_bytes=11703785881 VmRSS_kib=11432016
[metrics] name=DL elapsed_s=513.0 alloc_bytes=11703785881 VmRSS_kib=11432016
[metrics] name=DL elapsed_s=514.0 alloc_bytes=11703785881 VmRSS_kib=11432016
Done. Total allocated bytes=11703785881
