== Phase 1 ==
MEM: abs=16642998272 bytes
== Phase 2 ==
CPU: threads=12 util=0.66 duration=416s
[metrics] name=MD elapsed_s=1.0 alloc_bytes=16642998272 VmRSS_kib=16255744
[metrics] name=MD elapsed_s=4.9 alloc_bytes=16642998272 VmRSS_kib=16255744
[metrics] name=MD elapsed_s=4.9 alloc_bytes=16642998272 VmRSS_kib=16255744
[metrics] name=MD elapsed_s=4.9 alloc_bytes=16642998272 VmRSS_kib=16255744
[metrics] name=MD elapsed_s=5.0 alloc_bytes=16642998272 VmRSS_kib=16255744
[metrics] name=MD elapsed_s=6.0 alloc_bytes=16642998272 VmRSS_kib=16255744
[metrics] name=MD elapsed_s=7.0 alloc_bytes=16642998272 VmRSS_kib=16255744
[metrics] name=MD elapsed_s=8.0 alloc_bytes=16642998272 VmRSS_kib=16255744
[metrics] name=MD elapsed_s=9.0 alloc_bytes=16642998272 VmRSS_kib=16255744
[metrics] name=MD elapsed_s=10.0 alloc_bytes=16642998272 VmRSS_kib=16255744
[metrics] name=MD elapsed_s=11.0 alloc_bytes=16642998272 VmRSS_kib=16255744
[metrics] name=MD elapsed_s=12.0 alloc_bytes=16642998272 VmRSS_kib=16255744
[metrics] name=MD elapsed_s=13.0 alloc_bytes=16642998272 VmRSS_kib=16255744
[metrics] name=MD elapsed_s=14.0 alloc_bytes=16642998272 VmRSS_kib=16255744
[metrics] name=MD elapsed_s=15.0 alloc_bytes=16642998272 VmRSS_kib=16255744
[metrics] name=MD elapsed_s=16.0 alloc_bytes=16642998272 VmRSS_kib=16255744
[metrics] name=MD elapsed_s=17.0 alloc_bytes=16642998272 VmRSS_kib=16255744
[metrics] name=MD elapsed_s=18.0 alloc_bytes=16642998272 VmRSS_kib=16255744
[metrics] name=MD elapsed_s=19.0 alloc_bytes=16642998272 VmRSS_kib=16255744
[metrics] name=MD elapsed_s=20.0 alloc_bytes=16642998272 VmRSS_kib=16255744
[metrics] name=MD elapsed_s=21.0 alloc_bytes=16642998272 VmRSS_kib=16255744
[metrics] name=MD elapsed_s=22.0 alloc_bytes=16642998272 VmRSS_kib=16255744
[metrics] name=MD elapsed_s=23.0 alloc_bytes=16642998272 VmRSS_kib=16255744
[metrics] name=MD elapsed_s=24.0 alloc_bytes=16642998272 VmRSS_kib=16255744
[metrics] name=MD elapsed_s=25.0 alloc_bytes=16642998272 VmRSS_kib=16255744
[metrics] name=MD elapsed_s=26.0 alloc_bytes=16642998272 VmRSS_kib=16255744
[metrics] name=MD elapsed_s=27.0 alloc_bytes=16642998272 VmRSS_kib=16255744
[metrics] name=MD elapsed_s=28.0 alloc_bytes=16642998272 VmRSS_kib=16255744
[metrics] name=MD elapsed_s=29.0 alloc_bytes=16642998272 VmRSS_kib=16255744
[metrics] name=MD elapsed_s=30.0 alloc_bytes=16642998272 VmRSS_kib=16255744
[metrics] name=MD elapsed_s=31.0 alloc_bytes=16642998272 VmRSS_kib=16255744
[metrics] name=MD elapsed_s=32.0 alloc_bytes=16642998272 VmRSS_kib=16255744
[metrics] name=MD elapsed_s=33.0 alloc_bytes=16642998272 VmRSS_kib=16255744
[metrics] name=MD elapsed_s=34.0 alloc_bytes=16642998272 VmRSS_kib=16255744
[metrics] name=MD elapsed_s=35.0 alloc_bytes=16642998272 VmRSS_kib=16255744
[metrics] name=MD elapsed_s=36.0 alloc_bytes=16642998272 VmRSS_kib=16255744
[metrics] name=MD elapsed_s=37.0 alloc_bytes=16642998272 VmRSS_kib=16255744
[metrics] name=MD elapsed_s=38.0 alloc_bytes=16642998272 VmRSS_kib=16255744
[metrics] name=MD elapsed_s=39.0 alloc_bytes=16642998272 VmRSS_kib=16255744
[metrics] name=MD elapsed_s=40.0 alloc_bytes=16642998272 VmRSS_kib=16255744
[metrics] name=MD elapsed_s=41.0 alloc_bytes=16642998272 VmRSS_kib=16255744
[metrics] name=MD elapsed_s=42.0 alloc_bytes=16642998272 VmRSS_kib=16255744
[metrics] name=MD elapsed_s=43.0 alloc_bytes=16642998272 VmRSS_kib=16255744
[metrics] name=MD elapsed_s=44.0 alloc_bytes=16642998272 VmRSS_kib=16255744
[metrics] name=MD elapsed_s=45.0 alloc_bytes=16642998272 VmRSS_kib=16255744
[metrics] name=MD elapsed_s=46.0 alloc_bytes=16642998272 VmRSS_kib=16255744
[metrics] name=MD elapsed_s=47.0 alloc_bytes=16642998272 VmRSS_kib=16255744
[metrics] name=MD elapsed_s=48.0 alloc_bytes=16642998272 VmRSS_kib=16255744
[metrics] name=MD elapsed_s=49.0 alloc_bytes=16642998272 VmRSS_kib=16255744
[metrics] name=MD elapsed_s=50.0 alloc_bytes=16642998272 VmRSS_kib=16255744
[metrics] name=MD elapsed_s=51.0 alloc_bytes=16642998272 VmRSS_kib=16255744
[metrics] name=MD elapsed_s=52.0 alloc_bytes=16642998272 VmRSS_kib=16255744
[metrics] name=MD elapsed_s=53.0 alloc_bytes=16642998272 VmRSS_kib=16255744
[metrics] name=MD elapsed_s=54.0 alloc_bytes=16642998272 VmRSS_kib=16255744
[metrics] name=MD elapsed_s=55.0 alloc_bytes=16642998272 VmRSS_kib=16255744
[metrics] name=MD elapsed_s=56.0 alloc_bytes=16642998272 VmRSS_kib=16255744
[metrics] name=MD elapsed_s=57.0 alloc_bytes=16642998272 VmRSS_kib=16255744
[metrics] name=MD elapsed_s=58.0 alloc_bytes=16642998272 VmRSS_kib=16255744
[metrics] name=MD elapsed_s=59.0 alloc_bytes=16642998272 VmRSS_kib=16255744
[metrics] name=MD elapsed_s=60.0 alloc_bytes=16642998272 VmRSS_kib=16255744
[metrics] name=MD elapsed_s=61.0 alloc_bytes=16642998272 VmRSS_kib=16255744
[metrics] name=MD elapsed_s=62.0 alloc_bytes=16642998272 VmRSS_kib=16255744
[metrics] name=MD elapsed_s=63.0 alloc_bytes=16642998272 VmRSS_kib=16255744
[metrics] name=MD elapsed_s=64.0 alloc_bytes=16642998272 VmRSS_kib=16255744
[metrics] name=MD elapsed_s=65.0 alloc_bytes=16642998272 VmRSS_kib=16255744
[metrics] name=MD elapsed_s=66.0 alloc_bytes=16642998272 VmRSS_kib=16255744
[metrics] name=MD elapsed_s=67.0 alloc_bytes=16642998272 VmRSS_kib=16255744
[metrics] name=MD elapsed_s=68.0 alloc_bytes=16642998272 VmRSS_kib=16255744
[metrics] name=MD elapsed_s=69.0 alloc_bytes=16642998272 VmRSS_kib=16255744
[metrics] name=MD elapsed_s=70.0 alloc_bytes=16642998272 VmRSS_kib=16255744
[metrics] name=MD elapsed_s=71.0 alloc_bytes=16642998272 VmRSS_kib=16255744
[metrics] name=MD elapsed_s=72.0 alloc_bytes=16642998272 VmRSS_kib=16255744
[metrics] name=MD elapsed_s=73.0 alloc_bytes=16642998272 VmRSS_kib=16255744
[metrics] name=MD elapsed_s=74.0 alloc_bytes=16642998272 VmRSS_kib=16255744
[metrics] name=MD elapsed_s=75.0 alloc_bytes=16642998272 VmRSS_kib=16255744
[metrics] name=MD elapsed_s=76.0 alloc_bytes=16642998272 VmRSS_kib=16255744
[metrics] name=MD elapsed_s=77.0 alloc_bytes=16642998272 VmRSS_kib=16255744
[metrics] name=MD elapsed_s=78.0 alloc_bytes=16642998272 VmRSS_kib=16255744
[metrics] name=MD elapsed_s=79.0 alloc_bytes=16642998272 VmRSS_kib=16255744
[metrics] name=MD elapsed_s=80.0 alloc_bytes=16642998272 VmRSS_kib=16255744
[metrics] name=MD elapsed_s=81.0 alloc_bytes=16642998272 VmRSS_kib=16255744
[metrics] name=MD elapsed_s=82.0 alloc_bytes=16642998272 VmRSS_kib=16255744
[metrics] name=MD elapsed_s=83.0 alloc_bytes=16642998272 VmRSS_kib=16255744
[metrics] name=MD elapsed_s=84.0 alloc_bytes=16642998272 VmRSS_kib=16255744
[metrics] name=MD elapsed_s=85.0 alloc_bytes=16642998272 VmRSS_kib=16255744
[metrics] name=MD elapsed_s=86.0 alloc_bytes=16642998272 VmRSS_kib=16255744
[metrics] name=MD elapsed_s=87.0 alloc_bytes=16642998272 VmRSS_kib=16255744
[metrics] name=MD elapsed_s=88.0 alloc_bytes=16642998272 VmRSS_kib=16255744
[metrics] name=MD elapsed_s=89.0 alloc_bytes=16642998272 VmRSS_kib=16255744
[metrics] name=MD elapsed_s=90.0 alloc_bytes=16642998272 VmRSS_kib=16255744
[metrics] name=MD elapsed_s=91.0 alloc_bytes=16642998272 VmRSS_kib=16255744
[metrics] name=MD elapsed_s=92.0 alloc_bytes=16642998272 VmRSS_kib=16255744
[metrics] name=MD elapsed_s=93.0 alloc_bytes=16642998272 VmRSS_kib=16255744
[metrics] name=MD elapsed_s=94.0 alloc_bytes=16642998272 VmRSS_kib=16255744
[metrics] name=MD elapsed_s=95.0 alloc_bytes=16642998272 VmRSS_kib=16255744
[metrics] name=MD elapsed_s=96.0 alloc_bytes=16642998272 VmRSS_kib=16255744
[metrics] name=MD elapsed_s=97.0 alloc_bytes=16642998272 VmRSS_kib=16255744
[metrics] name=MD elapsed_s=98.0 alloc_bytes=16642998272 VmRSS_kib=16255744
[metrics] name=MD elapsed_s=99.0 alloc_bytes=16642998272 VmRSS_kib=16255744
[metrics] name=MD elapsed_s=100.0 alloc_bytes=16642998272 VmRSS_kib=16255744
[metrics] name=MD elapsed_s=101.0 alloc_bytes=16642998272 VmRSS_kib=16255744
[metrics] name=MD elapsed_s=102.0 alloc_bytes=16642998272 VmRSS_kib=16255744
[metrics] name=MD elapsed_s=103.0 alloc_bytes=16642998272 VmRSS_kib=16255744
[metrics] name=MD elapsed_s=104.0 alloc_bytes=16642998272 VmRSS_kib=16255744
[metrics] name=MD elapsed_s=105.0 alloc_bytes=16642998272 VmRSS_kib=16255744
[metrics] name=MD elapsed_s=106.0 alloc_bytes=16642998272 VmRSS_kib=16255744
[metrics] name=MD elapsed_s=107.0 alloc_bytes=16642998272 VmRSS_kib=16255744
[metrics] name=MD elapsed_s=108.0 alloc_bytes=16642998272 VmRSS_kib=16255744
[metrics] name=MD elapsed_s=109.0 alloc_bytes=16642998272 VmRSS_kib=16255744
[metrics] name=MD elapsed_s=110.0 alloc_bytes=16642998272 VmRSS_kib=16255744
[metrics] name=MD elapsed_s=111.0 alloc_bytes=16642998272 VmRSS_kib=16255744
[metrics] name=MD elapsed_s=112.0 alloc_bytes=16642998272 VmRSS_kib=16255744
[metrics] name=MD elapsed_s=113.0 alloc_bytes=16642998272 VmRSS_kib=16255744
[metrics] name=MD elapsed_s=114.0 alloc_bytes=16642998272 VmRSS_kib=16255744
[metrics] name=MD elapsed_s=115.0 alloc_bytes=16642998272 VmRSS_kib=16255744
[metrics] name=MD elapsed_s=116.0 alloc_bytes=16642998272 VmRSS_kib=16255744
[metrics] name=MD elapsed_s=117.0 alloc_bytes=16642998272 VmRSS_kib=16255744
[metrics] name=MD elapsed_s=118.0 alloc_bytes=16642998272 VmRSS_kib=16255744
[metrics] name=MD elapsed_s=119.0 alloc_bytes=16642998272 VmRSS_kib=16255744
[metrics] name=MD elapsed_s=120.0 alloc_bytes=16642998272 VmRSS_kib=16255744
[metrics] name=MD elapsed_s=121.0 alloc_bytes=16642998272 VmRSS_kib=16255744
[metrics] name=MD elapsed_s=122.0 alloc_bytes=16642998272 VmRSS_kib=16255744
[metrics] name=MD elapsed_s=123.0 alloc_bytes=16642998272 VmRSS_kib=16255744
[metrics] name=MD elapsed_s=124.0 alloc_bytes=16642998272 VmRSS_kib=16255744
[metrics] name=MD elapsed_s=125.0 alloc_bytes=16642998272 VmRSS_kib=16255744
[metrics] name=MD elapsed_s=126.0 alloc_bytes=16642998272 VmRSS_kib=16255744
[metrics] name=MD elapsed_s=127.0 alloc_bytes=16642998272 VmRSS_kib=16255744
[metrics] name=MD elapsed_s=128.0 alloc_bytes=16642998272 VmRSS_kib=16255744
[metrics] name=MD elapsed_s=129.0 alloc_bytes=16642998272 VmRSS_kib=16255744
[metrics] name=MD elapsed_s=130.0 alloc_bytes=16642998272 VmRSS_kib=16255744
[metrics] name=MD elapsed_s=131.0 alloc_bytes=16642998272 VmRSS_kib=16255744
[metrics] name=MD elapsed_s=132.0 alloc_bytes=16642998272 VmRSS_kib=16255744
[metrics] name=MD elapsed_s=133.0 alloc_bytes=16642998272 VmRSS_kib=16255744
[metrics] name=MD elapsed_s=134.0 alloc_bytes=16642998272 VmRSS_kib=16255744
[metrics] name=MD elapsed_s=135.0 alloc_bytes=16642998272 VmRSS_kib=16255744
[metrics] name=MD elapsed_s=136.0 alloc_bytes=16642998272 VmRSS_kib=16255744
[metrics] name=MD elapsed_s=137.0 alloc_bytes=16642998272 VmRSS_kib=16255744
[metrics] name=MD elapsed_s=138.0 alloc_bytes=16642998272 VmRSS_kib=16255744
[metrics] name=MD elapsed_s=139.0 alloc_bytes=16642998272 VmRSS_kib=16255744
[metrics] name=MD elapsed_s=140.0 alloc_bytes=16642998272 VmRSS_kib=16255744
[metrics] name=MD elapsed_s=141.0 alloc_bytes=16642998272 VmRSS_kib=16255744
[metrics] name=MD elapsed_s=142.0 alloc_bytes=16642998272 VmRSS_kib=16255744
[metrics] name=MD elapsed_s=143.0 alloc_bytes=16642998272 VmRSS_kib=16255744
[metrics] name=MD elapsed_s=144.0 alloc_bytes=16642998272 VmRSS_kib=16255744
[metrics] name=MD elapsed_s=145.0 alloc_bytes=16642998272 VmRSS_kib=16255744
[metrics] name=MD elapsed_s=146.0 alloc_bytes=16642998272 VmRSS_kib=16255744
[metrics] name=MD elapsed_s=147.0 alloc_bytes=16642998272 VmRSS_kib=16255744
[metrics] name=MD elapsed_s=148.0 alloc_bytes=16642998272 VmRSS_kib=16255744
[metrics] name=MD elapsed_s=149.0 alloc_bytes=16642998272 VmRSS_kib=16255744
[metrics] name=MD elapsed_s=150.0 alloc_bytes=16642998272 VmRSS_kib=16255744
[metrics] name=MD elapsed_s=151.0 alloc_bytes=16642998272 VmRSS_kib=16255744
[metrics] name=MD elapsed_s=152.0 alloc_bytes=16642998272 VmRSS_kib=16255744
[metrics] name=MD elapsed_s=153.0 alloc_bytes=16642998272 VmRSS_kib=16255744
[metrics] name=MD elapsed_s=154.0 alloc_bytes=16642998272 VmRSS_kib=16255744
[metrics] name=MD elapsed_s=155.0 alloc_bytes=16642998272 VmRSS_kib=16255744
[metrics] name=MD elapsed_s=156.0 alloc_bytes=16642998272 VmRSS_kib=16255744
[metrics] name=MD elapsed_s=157.0 alloc_bytes=16642998272 VmRSS_kib=16255744
[metrics] name=MD elapsed_s=158.0 alloc_bytes=16642998272 VmRSS_kib=16255744
[metrics] name=MD elapsed_s=159.0 alloc_bytes=16642998272 VmRSS_kib=16255744
[metrics] name=MD elapsed_s=160.0 alloc_bytes=16642998272 VmRSS_kib=16255744
[metrics] name=MD elapsed_s=161.0 alloc_bytes=16642998272 VmRSS_kib=16255744
[metrics] name=MD elapsed_s=162.0 alloc_bytes=16642998272 VmRSS_kib=16255744
[metrics] name=MD elapsed_s=163.0 alloc_bytes=16642998272 VmRSS_kib=16255744
[metrics] name=MD elapsed_s=164.0 alloc_bytes=16642998272 VmRSS_kib=16255744
[metrics] name=MD elapsed_s=165.0 alloc_bytes=16642998272 VmRSS_kib=16255744
[metrics] name=MD elapsed_s=166.0 alloc_bytes=16642998272 VmRSS_kib=16255744
[metrics] name=MD elapsed_s=167.0 alloc_bytes=16642998272 VmRSS_kib=16255744
[metrics] name=MD elapsed_s=168.0 alloc_bytes=16642998272 VmRSS_kib=16255744
[metrics] name=MD elapsed_s=169.0 alloc_bytes=16642998272 VmRSS_kib=16255744
[metrics] name=MD elapsed_s=170.0 alloc_bytes=16642998272 VmRSS_kib=16255744
[metrics] name=MD elapsed_s=171.0 alloc_bytes=16642998272 VmRSS_kib=16255744
[metrics] name=MD elapsed_s=172.0 alloc_bytes=16642998272 VmRSS_kib=16255744
[metrics] name=MD elapsed_s=173.0 alloc_bytes=16642998272 VmRSS_kib=16255744
[metrics] name=MD elapsed_s=174.0 alloc_bytes=16642998272 VmRSS_kib=16255744
[metrics] name=MD elapsed_s=175.0 alloc_bytes=16642998272 VmRSS_kib=16255744
[metrics] name=MD elapsed_s=176.0 alloc_bytes=16642998272 VmRSS_kib=16255744
[metrics] name=MD elapsed_s=177.0 alloc_bytes=16642998272 VmRSS_kib=16255744
[metrics] name=MD elapsed_s=178.0 alloc_bytes=16642998272 VmRSS_kib=16255744
[metrics] name=MD elapsed_s=179.0 alloc_bytes=16642998272 VmRSS_kib=16255744
[metrics] name=MD elapsed_s=180.0 alloc_bytes=16642998272 VmRSS_kib=16255744
[metrics] name=MD elapsed_s=181.0 alloc_bytes=16642998272 VmRSS_kib=16255744
[metrics] name=MD elapsed_s=182.0 alloc_bytes=16642998272 VmRSS_kib=16255744
[metrics] name=MD elapsed_s=183.0 alloc_bytes=16642998272 VmRSS_kib=16255744
[metrics] name=MD elapsed_s=184.0 alloc_bytes=16642998272 VmRSS_kib=16255744
[metrics] name=MD elapsed_s=185.0 alloc_bytes=16642998272 VmRSS_kib=16255744
[metrics] name=MD elapsed_s=186.0 alloc_bytes=16642998272 VmRSS_kib=16255744
[metrics] name=MD elapsed_s=187.0 alloc_bytes=16642998272 VmRSS_kib=16255744
[metrics] name=MD elapsed_s=188.0 alloc_bytes=16642998272 VmRSS_kib=16255744
[metrics] name=MD elapsed_s=189.0 alloc_bytes=16642998272 VmRSS_kib=16255744
[metrics] name=MD elapsed_s=190.0 alloc_bytes=16642998272 VmRSS_kib=16255744
[metrics] name=MD elapsed_s=191.0 alloc_bytes=16642998272 VmRSS_kib=16255744
[metrics] name=MD elapsed_s=192.0 alloc_bytes=16642998272 VmRSS_kib=16255744
[metrics] name=MD elapsed_s=193.0 alloc_bytes=16642998272 VmRSS_kib=16255744
[metrics] name=MD elapsed_s=194.0 alloc_bytes=16642998272 VmRSS_kib=16255744
[metrics] name=MD elapsed_s=195.0 alloc_bytes=16642998272 VmRSS_kib=16255744
[metrics] name=MD elapsed_s=196.0 alloc_bytes=16642998272 VmRSS_kib=16255744
[metrics] name=MD elapsed_s=197.0 alloc_bytes=16642998272 VmRSS_kib=16255744
[metrics] name=MD elapsed_s=198.0 alloc_bytes=16642998272 VmRSS_kib=16255744
[metrics] name=MD elapsed_s=199.0 alloc_bytes=16642998272 VmRSS_kib=16255744
[metrics] name=MD elapsed_s=200.0 alloc_bytes=16642998272 VmRSS_kib=16255744
[metrics] name=MD elapsed_s=201.0 alloc_bytes=16642998272 VmRSS_kib=16255744
[metrics] name=MD elapsed_s=202.0 alloc_bytes=16642998272 VmRSS_kib=16255744
[metrics] name=MD elapsed_s=203.0 alloc_bytes=16642998272 VmRSS_kib=16255744
[metrics] name=MD elapsed_s=204.0 alloc_bytes=16642998272 VmRSS_kib=16255744
[metrics] name=MD elapsed_s=205.0 alloc_bytes=16642998272 VmRSS_kib=16255744
[metrics] name=MD elapsed_s=206.0 alloc_bytes=16642998272 VmRSS_kib=16255744
[metrics] name=MD elapsed_s=207.0 alloc_bytes=16642998272 VmRSS_kib=16255744
[metrics] name=MD elapsed_s=208.0 alloc_bytes=16642998272 VmRSS_kib=16255744
[metrics] name=MD elapsed_s=209.0 alloc_bytes=16642998272 VmRSS_kib=16255744
[metrics] name=MD elapsed_s=210.0 alloc_bytes=16642998272 VmRSS_kib=16255744
[metrics] name=MD elapsed_s=211.0 alloc_bytes=16642998272 VmRSS_kib=16255744
[metrics] name=MD elapsed_s=212.0 alloc_bytes=16642998272 VmRSS_kib=16255744
[metrics] name=MD elapsed_s=213.0 alloc_bytes=16642998272 VmRSS_kib=16255744
[metrics] name=MD elapsed_s=214.0 alloc_bytes=16642998272 VmRSS_kib=16255744
[metrics] name=MD elapsed_s=215.0 alloc_bytes=16642998272 VmRSS_kib=16255744
[metrics] name=MD elapsed_s=216.0 alloc_bytes=16642998272 VmRSS_kib=16255744
[metrics] name=MD elapsed_s=217.0 alloc_bytes=16642998272 VmRSS_kib=16255744
[metrics] name=MD elapsed_s=218.0 alloc_bytes=16642998272 VmRSS_kib=16255744
[metrics] name=MD elapsed_s=219.0 alloc_bytes=16642998272 VmRSS_kib=16255744
[metrics] name=MD elapsed_s=220.0 alloc_bytes=16642998272 VmRSS_kib=16255744
[metrics] name=MD elapsed_s=221.0 alloc_bytes=16642998272 VmRSS_kib=16255744
[metrics] name=MD elapsed_s=222.0 alloc_bytes=16642998272 VmRSS_kib=16255744
[metrics] name=MD elapsed_s=223.0 alloc_bytes=16642998272 VmRSS_kib=16255744
[metrics] name=MD elapsed_s=224.0 alloc_bytes=16642998272 VmRSS_kib=16255744
[metrics] name=MD elapsed_s=225.0 alloc_bytes=16642998272 VmRSS_kib=16255744
[metrics] name=MD elapsed_s=226.0 alloc_bytes=16642998272 VmRSS_kib=16255744
[metrics] name=MD elapsed_s=227.0 alloc_bytes=16642998272 VmRSS_kib=16255744
[metrics] name=MD elapsed_s=228.0 alloc_bytes=16642998272 VmRSS_kib=16255744
[metrics] name=MD elapsed_s=229.0 alloc_bytes=16642998272 VmRSS_kib=16255744
[metrics] name=MD elapsed_s=230.0 alloc_bytes=16642998272 VmRSS_kib=16255744
[metrics] name=MD elapsed_s=231.0 alloc_bytes=16642998272 VmRSS_kib=16255744
[metrics] name=MD elapsed_s=232.0 alloc_bytes=16642998272 VmRSS_kib=16255744
[metrics] name=MD elapsed_s=233.0 alloc_bytes=16642998272 VmRSS_kib=16255744
[metrics] name=MD elapsed_s=234.0 alloc_bytes=16642998272 VmRSS_kib=16255744
[metrics] name=MD elapsed_s=235.0 alloc_bytes=16642998272 VmRSS_kib=16255744
[metrics] name=MD elapsed_s=236.0 alloc_bytes=16642998272 VmRSS_kib=16255744
[metrics] name=MD elapsed_s=237.0 alloc_bytes=16642998272 VmRSS_kib=16255744
[metrics] name=MD elapsed_s=238.0 alloc_bytes=16642998272 VmRSS_kib=16255744
[metrics] name=MD elapsed_s=239.0 alloc_bytes=16642998272 VmRSS_kib=16255744
[metrics] name=MD elapsed_s=240.0 alloc_bytes=16642998272 VmRSS_kib=16255744
[metrics] name=MD elapsed_s=241.0 alloc_bytes=16642998272 VmRSS_kib=16255744
[metrics] name=MD elapsed_s=242.0 alloc_bytes=16642998272 VmRSS_kib=16255744
[metrics] name=MD elapsed_s=243.0 alloc_bytes=16642998272 VmRSS_kib=16255744
[metrics] name=MD elapsed_s=244.0 alloc_bytes=16642998272 VmRSS_kib=16255744
[metrics] name=MD elapsed_s=245.0 alloc_bytes=16642998272 VmRSS_kib=16255744
[metrics] name=MD elapsed_s=246.0 alloc_bytes=16642998272 VmRSS_kib=16255744
[metrics] name=MD elapsed_s=247.0 alloc_bytes=16642998272 VmRSS_kib=16255744
[metrics] name=MD elapsed_s=248.0 alloc_bytes=16642998272 VmRSS_kib=16255744
[metrics] name=MD elapsed_s=249.0 alloc_bytes=16642998272 VmRSS_kib=16255744
[metrics] name=MD elapsed_s=250.0 alloc_bytes=16642998272 VmRSS_kib=16255744
[metrics] name=MD elapsed_s=251.0 alloc_bytes=16642998272 VmRSS_kib=16255744
[metrics] name=MD elapsed_s=252.0 alloc_bytes=16642998272 VmRSS_kib=16255744
[metrics] name=MD elapsed_s=253.0 alloc_bytes=16642998272 VmRSS_kib=16255744
[metrics] name=MD elapsed_s=254.0 alloc_bytes=16642998272 VmRSS_kib=16255744
[metrics] name=MD elapsed_s=255.0 alloc_bytes=16642998272 VmRSS_kib=16255744
[metrics] name=MD elapsed_s=256.0 alloc_bytes=16642998272 VmRSS_kib=16255744
[metrics] name=MD elapsed_s=257.0 alloc_bytes=16642998272 VmRSS_kib=16255744
[metrics] name=MD elapsed_s=258.0 alloc_bytes=16642998272 VmRSS_kib=16255744
[metrics] name=MD elapsed_s=259.0 alloc_bytes=16642998272 VmRSS_kib=16255744
[metrics] name=MD elapsed_s=260.0 alloc_bytes=16642998272 VmRSS_kib=16255744
[metrics] name=MD elapsed_s=261.0 alloc_bytes=16642998272 VmRSS_kib=16255744
[metrics] name=MD elapsed_s=262.0 alloc_bytes=16642998272 VmRSS_kib=16255744
[metrics] name=MD elapsed_s=263.0 alloc_bytes=16642998272 VmRSS_kib=16255744
[metrics] name=MD elapsed_s=264.0 alloc_bytes=16642998272 VmRSS_kib=16255744
[metrics] name=MD elapsed_s=265.0 alloc_bytes=16642998272 VmRSS_kib=16255744
[metrics] name=MD elapsed_s=266.0 alloc_bytes=16642998272 VmRSS_kib=16255744
[metrics] name=MD elapsed_s=267.0 alloc_bytes=16642998272 VmRSS_kib=16255744
[metrics] name=MD elapsed_s=268.0 alloc_bytes=16642998272 VmRSS_kib=16255744
[metrics] name=MD elapsed_s=269.0 alloc_bytes=16642998272 VmRSS_kib=16255744
[metrics] name=MD elapsed_s=270.0 alloc_bytes=16642998272 VmRSS_kib=16255744
[metrics] name=MD elapsed_s=271.0 alloc_bytes=16642998272 VmRSS_kib=16255744
[metrics] name=MD elapsed_s=272.0 alloc_bytes=16642998272 VmRSS_kib=16255744
[metrics] name=MD elapsed_s=273.0 alloc_bytes=16642998272 VmRSS_kib=16255744
[metrics] name=MD elapsed_s=274.0 alloc_bytes=16642998272 VmRSS_kib=16255744
[metrics] name=MD elapsed_s=275.0 alloc_bytes=16642998272 VmRSS_kib=16255744
[metrics] name=MD elapsed_s=276.0 alloc_bytes=16642998272 VmRSS_kib=16255744
[metrics] name=MD elapsed_s=277.0 alloc_bytes=16642998272 VmRSS_kib=16255744
[metrics] name=MD elapsed_s=278.0 alloc_bytes=16642998272 VmRSS_kib=16255744
[metrics] name=MD elapsed_s=279.0 alloc_bytes=16642998272 VmRSS_kib=16255744
[metrics] name=MD elapsed_s=280.0 alloc_bytes=16642998272 VmRSS_kib=16255744
[metrics] name=MD elapsed_s=281.0 alloc_bytes=16642998272 VmRSS_kib=16255744
[metrics] name=MD elapsed_s=282.0 alloc_bytes=16642998272 VmRSS_kib=16255744
[metrics] name=MD elapsed_s=283.0 alloc_bytes=16642998272 VmRSS_kib=16255744
[metrics] name=MD elapsed_s=284.0 alloc_bytes=16642998272 VmRSS_kib=16255744
[metrics] name=MD elapsed_s=285.0 alloc_bytes=16642998272 VmRSS_kib=16255744
[metrics] name=MD elapsed_s=286.0 alloc_bytes=16642998272 VmRSS_kib=16255744
[metrics] name=MD elapsed_s=287.0 alloc_bytes=16642998272 VmRSS_kib=16255744
[metrics] name=MD elapsed_s=288.0 alloc_bytes=16642998272 VmRSS_kib=16255744
[metrics] name=MD elapsed_s=289.0 alloc_bytes=16642998272 VmRSS_kib=16255744
[metrics] name=MD elapsed_s=290.0 alloc_bytes=16642998272 VmRSS_kib=16255744
[metrics] name=MD elapsed_s=291.0 alloc_bytes=16642998272 VmRSS_kib=16255744
[metrics] name=MD elapsed_s=292.0 alloc_bytes=16642998272 VmRSS_kib=16255744
[metrics] name=MD elapsed_s=293.0 alloc_bytes=16642998272 VmRSS_kib=16255744
[metrics] name=MD elapsed_s=294.0 alloc_bytes=16642998272 VmRSS_kib=16255744
[metrics] name=MD elapsed_s=295.0 alloc_bytes=16642998272 VmRSS_kib=16255744
[metrics] name=MD elapsed_s=296.0 alloc_bytes=16642998272 VmRSS_kib=16255744
[metrics] name=MD elapsed_s=297.0 alloc_bytes=16642998272 VmRSS_kib=16255744
[metrics] name=MD elapsed_s=298.0 alloc_bytes=16642998272 VmRSS_kib=16255744
[metrics] name=MD elapsed_s=299.0 alloc_bytes=16642998272 VmRSS_kib=16255744
[metrics] name=MD elapsed_s=300.0 alloc_bytes=16642998272 VmRSS_kib=16255744
[metrics] name=MD elapsed_s=301.0 alloc_bytes=16642998272 VmRSS_kib=16255744
[metrics] name=MD elapsed_s=302.0 alloc_bytes=16642998272 VmRSS_kib=16255744
[metrics] name=MD elapsed_s=303.0 alloc_bytes=16642998272 VmRSS_kib=16255744
[metrics] name=MD elapsed_s=304.0 alloc_bytes=16642998272 VmRSS_kib=16255744
[metrics] name=MD elapsed_s=305.0 alloc_bytes=16642998272 VmRSS_kib=16255744
[metrics] name=MD elapsed_s=306.0 alloc_bytes=16642998272 VmRSS_kib=16255744
[metrics] name=MD elapsed_s=307.0 alloc_bytes=16642998272 VmRSS_kib=16255744
[metrics] name=MD elapsed_s=308.0 alloc_bytes=16642998272 VmRSS_kib=16255744
[metrics] name=MD elapsed_s=309.0 alloc_bytes=16642998272 VmRSS_kib=16255744
[metrics] name=MD elapsed_s=310.0 alloc_bytes=16642998272 VmRSS_kib=16255744
[metrics] name=MD elapsed_s=311.0 alloc_bytes=16642998272 VmRSS_kib=16255744
[metrics] name=MD elapsed_s=312.0 alloc_bytes=16642998272 VmRSS_kib=16255744
[metrics] name=MD elapsed_s=313.0 alloc_bytes=16642998272 VmRSS_kib=16255744
[metrics] name=MD elapsed_s=314.0 alloc_bytes=16642998272 VmRSS_kib=16255744
[metrics] name=MD elapsed_s=315.0 alloc_bytes=16642998272 VmRSS_kib=16255744
[metrics] name=MD elapsed_s=316.0 alloc_bytes=16642998272 VmRSS_kib=16255744
[metrics] name=MD elapsed_s=317.0 alloc_bytes=16642998272 VmRSS_kib=16255744
[metrics] name=MD elapsed_s=318.0 alloc_bytes=16642998272 VmRSS_kib=16255744
[metrics] name=MD elapsed_s=319.0 alloc_bytes=16642998272 VmRSS_kib=16255744
[metrics] name=MD elapsed_s=320.0 alloc_bytes=16642998272 VmRSS_kib=16255744
[metrics] name=MD elapsed_s=321.0 alloc_bytes=16642998272 VmRSS_kib=16255744
[metrics] name=MD elapsed_s=322.0 alloc_bytes=16642998272 VmRSS_kib=16255744
[metrics] name=MD elapsed_s=323.0 alloc_bytes=16642998272 VmRSS_kib=16255744
[metrics] name=MD elapsed_s=324.0 alloc_bytes=16642998272 VmRSS_kib=16255744
[metrics] name=MD elapsed_s=325.0 alloc_bytes=16642998272 VmRSS_kib=16255744
[metrics] name=MD elapsed_s=326.0 alloc_bytes=16642998272 VmRSS_kib=16255744
[metrics] name=MD elapsed_s=327.0 alloc_bytes=16642998272 VmRSS_kib=16255744
[metrics] name=MD elapsed_s=328.0 alloc_bytes=16642998272 VmRSS_kib=16255744
[metrics] name=MD elapsed_s=329.0 alloc_bytes=16642998272 VmRSS_kib=16255744
[metrics] name=MD elapsed_s=330.0 alloc_bytes=16642998272 VmRSS_kib=16255744
[metrics] name=MD elapsed_s=331.0 alloc_bytes=16642998272 VmRSS_kib=16255744
[metrics] name=MD elapsed_s=332.0 alloc_bytes=16642998272 VmRSS_kib=16255744
[metrics] name=MD elapsed_s=333.0 alloc_bytes=16642998272 VmRSS_kib=16255744
[metrics] name=MD elapsed_s=334.0 alloc_bytes=16642998272 VmRSS_kib=16255744
[metrics] name=MD elapsed_s=335.0 alloc_bytes=16642998272 VmRSS_kib=16255744
[metrics] name=MD elapsed_s=336.0 alloc_bytes=16642998272 VmRSS_kib=16255744
[metrics] name=MD elapsed_s=337.0 alloc_bytes=16642998272 VmRSS_kib=16255744
[metrics] name=MD elapsed_s=338.0 alloc_bytes=16642998272 VmRSS_kib=16255744
[metrics] name=MD elapsed_s=339.0 alloc_bytes=16642998272 VmRSS_kib=16255744
[metrics] name=MD elapsed_s=340.0 alloc_bytes=16642998272 VmRSS_kib=16255744
[metrics] name=MD elapsed_s=341.0 alloc_bytes=16642998272 VmRSS_kib=16255744
[metrics] name=MD elapsed_s=342.0 alloc_bytes=16642998272 VmRSS_kib=16255744
[metrics] name=MD elapsed_s=343.0 alloc_bytes=16642998272 VmRSS_kib=16255744
[metrics] name=MD elapsed_s=344.0 alloc_bytes=16642998272 VmRSS_kib=16255744
[metrics] name=MD elapsed_s=345.0 alloc_bytes=16642998272 VmRSS_kib=16255744
[metrics] name=MD elapsed_s=346.0 alloc_bytes=16642998272 VmRSS_kib=16255744
[metrics] name=MD elapsed_s=347.0 alloc_bytes=16642998272 VmRSS_kib=16255744
[metrics] name=MD elapsed_s=348.0 alloc_bytes=16642998272 VmRSS_kib=16255744
[metrics] name=MD elapsed_s=349.0 alloc_bytes=16642998272 VmRSS_kib=16255744
[metrics] name=MD elapsed_s=350.0 alloc_bytes=16642998272 VmRSS_kib=16255744
[metrics] name=MD elapsed_s=351.0 alloc_bytes=16642998272 VmRSS_kib=16255744
[metrics] name=MD elapsed_s=352.0 alloc_bytes=16642998272 VmRSS_kib=16255744
[metrics] name=MD elapsed_s=353.0 alloc_bytes=16642998272 VmRSS_kib=16255744
[metrics] name=MD elapsed_s=354.0 alloc_bytes=16642998272 VmRSS_kib=16255744
[metrics] name=MD elapsed_s=355.0 alloc_bytes=16642998272 VmRSS_kib=16255744
[metrics] name=MD elapsed_s=356.0 alloc_bytes=16642998272 VmRSS_kib=16255744
[metrics] name=MD elapsed_s=357.0 alloc_bytes=16642998272 VmRSS_kib=16255744
[metrics] name=MD elapsed_s=358.0 alloc_bytes=16642998272 VmRSS_kib=16255744
[metrics] name=MD elapsed_s=359.0 alloc_bytes=16642998272 VmRSS_kib=16255744
[metrics] name=MD elapsed_s=360.0 alloc_bytes=16642998272 VmRSS_kib=16255744
[metrics] name=MD elapsed_s=361.0 alloc_bytes=16642998272 VmRSS_kib=16255744
[metrics] name=MD elapsed_s=362.0 alloc_bytes=16642998272 VmRSS_kib=16255744
[metrics] name=MD elapsed_s=363.0 alloc_bytes=16642998272 VmRSS_kib=16255744
[metrics] name=MD elapsed_s=364.0 alloc_bytes=16642998272 VmRSS_kib=16255744
[metrics] name=MD elapsed_s=365.0 alloc_bytes=16642998272 VmRSS_kib=16255744
[metrics] name=MD elapsed_s=366.0 alloc_bytes=16642998272 VmRSS_kib=16255744
[metrics] name=MD elapsed_s=367.0 alloc_bytes=16642998272 VmRSS_kib=16255744
[metrics] name=MD elapsed_s=368.0 alloc_bytes=16642998272 VmRSS_kib=16255744
[metrics] name=MD elapsed_s=369.0 alloc_bytes=16642998272 VmRSS_kib=16255744
[metrics] name=MD elapsed_s=370.0 alloc_bytes=16642998272 VmRSS_kib=16255744
[metrics] name=MD elapsed_s=371.0 alloc_bytes=16642998272 VmRSS_kib=16255744
[metrics] name=MD elapsed_s=372.0 alloc_bytes=16642998272 VmRSS_kib=16255744
[metrics] name=MD elapsed_s=373.0 alloc_bytes=16642998272 VmRSS_kib=16255744
[metrics] name=MD elapsed_s=374.0 alloc_bytes=16642998272 VmRSS_kib=16255744
[metrics] name=MD elapsed_s=375.0 alloc_bytes=16642998272 VmRSS_kib=16255744
[metrics] name=MD elapsed_s=376.0 alloc_bytes=16642998272 VmRSS_kib=16255744
[metrics] name=MD elapsed_s=377.0 alloc_bytes=16642998272 VmRSS_kib=16255744
[metrics] name=MD elapsed_s=378.0 alloc_bytes=16642998272 VmRSS_kib=16255744
[metrics] name=MD elapsed_s=379.0 alloc_bytes=16642998272 VmRSS_kib=16255744
[metrics] name=MD elapsed_s=380.0 alloc_bytes=16642998272 VmRSS_kib=16255744
[metrics] name=MD elapsed_s=381.0 alloc_bytes=16642998272 VmRSS_kib=16255744
[metrics] name=MD elapsed_s=382.0 alloc_bytes=16642998272 VmRSS_kib=16255744
[metrics] name=MD elapsed_s=383.0 alloc_bytes=16642998272 VmRSS_kib=16255744
[metrics] name=MD elapsed_s=384.0 alloc_bytes=16642998272 VmRSS_kib=16255744
[metrics] name=MD elapsed_s=385.0 alloc_bytes=16642998272 VmRSS_kib=16255744
[metrics] name=MD elapsed_s=386.0 alloc_bytes=16642998272 VmRSS_kib=16255744
[metrics] name=MD elapsed_s=387.0 alloc_bytes=16642998272 VmRSS_kib=16255744
[metrics] name=MD elapsed_s=388.0 alloc_bytes=16642998272 VmRSS_kib=16255744
[metrics] name=MD elapsed_s=389.0 alloc_bytes=16642998272 VmRSS_kib=16255744
[metrics] name=MD elapsed_s=390.0 alloc_bytes=16642998272 VmRSS_kib=16255744
[metrics] name=MD elapsed_s=391.0 alloc_bytes=16642998272 VmRSS_kib=16255744
[metrics] name=MD elapsed_s=392.0 alloc_bytes=16642998272 VmRSS_kib=16255744
[metrics] name=MD elapsed_s=393.0 alloc_bytes=16642998272 VmRSS_kib=16255744
[metrics] name=MD elapsed_s=394.0 alloc_bytes=16642998272 VmRSS_kib=16255744
[metrics] name=MD elapsed_s=395.0 alloc_bytes=16642998272 VmRSS_kib=16255744
[metrics] name=MD elapsed_s=396.0 alloc_bytes=16642998272 VmRSS_kib=16255744
[metrics] name=MD elapsed_s=397.0 alloc_bytes=16642998272 VmRSS_kib=16255744
[metrics] name=MD elapsed_s=398.0 alloc_bytes=16642998272 VmRSS_kib=16255744
[metrics] name=MD elapsed_s=399.0 alloc_bytes=16642998272 VmRSS_kib=16255744
[metrics] name=MD elapsed_s=400.0 alloc_bytes=16642998272 VmRSS_kib=16255744
[metrics] name=MD elapsed_s=401.0 alloc_bytes=16642998272 VmRSS_kib=16255744
[metrics] name=MD elapsed_s=402.0 alloc_bytes=16642998272 VmRSS_kib=16255744
[metrics] name=MD elapsed_s=403.0 alloc_bytes=16642998272 VmRSS_kib=16255744
[metrics] name=MD elapsed_s=404.0 alloc_bytes=16642998272 VmRSS_kib=16255744
[metrics] name=MD elapsed_s=405.0 alloc_bytes=16642998272 VmRSS_kib=16255744
[metrics] name=MD elapsed_s=406.0 alloc_bytes=16642998272 VmRSS_kib=16255744
[metrics] name=MD elapsed_s=407.0 alloc_bytes=16642998272 VmRSS_kib=16255744
[metrics] name=MD elapsed_s=408.0 alloc_bytes=16642998272 VmRSS_kib=16255744
[metrics] name=MD elapsed_s=409.0 alloc_bytes=16642998272 VmRSS_kib=16255744
[metrics] name=MD elapsed_s=410.0 alloc_bytes=16642998272 VmRSS_kib=16255744
[metrics] name=MD elapsed_s=411.0 alloc_bytes=16642998272 VmRSS_kib=16255744
[metrics] name=MD elapsed_s=412.0 alloc_bytes=16642998272 VmRSS_kib=16255744
[metrics] name=MD elapsed_s=413.0 alloc_bytes=16642998272 VmRSS_kib=16255744
[metrics] name=MD elapsed_s=414.0 alloc_bytes=16642998272 VmRSS_kib=16255744
[metrics] name=MD elapsed_s=415.0 alloc_bytes=16642998272 VmRSS_kib=16255744
[metrics] name=MD elapsed_s=416.0 alloc_bytes=16642998272 VmRSS_kib=16255744
[metrics] name=MD elapsed_s=417.0 alloc_bytes=16642998272 VmRSS_kib=16255744
[metrics] name=MD elapsed_s=418.0 alloc_bytes=16642998272 VmRSS_kib=16255744
[metrics] name=MD elapsed_s=419.0 alloc_bytes=16642998272 VmRSS_kib=16255744
[metrics] name=MD elapsed_s=420.0 alloc_bytes=16642998272 VmRSS_kib=16255744
== Phase 3 ==
MEM: +=4402341478 bytes
== Phase 4 ==
SLEEP: duration=36.0s
[metrics] name=MD elapsed_s=421.0 alloc_bytes=21045339750 VmRSS_kib=20554752
[metrics] name=MD elapsed_s=422.2 alloc_bytes=21045339750 VmRSS_kib=20554752
[metrics] name=MD elapsed_s=423.0 alloc_bytes=21045339750 VmRSS_kib=20554752
[metrics] name=MD elapsed_s=424.0 alloc_bytes=21045339750 VmRSS_kib=20554752
[metrics] name=MD elapsed_s=425.0 alloc_bytes=21045339750 VmRSS_kib=20554752
[metrics] name=MD elapsed_s=426.0 alloc_bytes=21045339750 VmRSS_kib=20554752
[metrics] name=MD elapsed_s=427.0 alloc_bytes=21045339750 VmRSS_kib=20554752
[metrics] name=MD elapsed_s=428.0 alloc_bytes=21045339750 VmRSS_kib=20554752
[metrics] name=MD elapsed_s=429.0 alloc_bytes=21045339750 VmRSS_kib=20554752
[metrics] name=MD elapsed_s=430.0 alloc_bytes=21045339750 VmRSS_kib=20554752
[metrics] name=MD elapsed_s=431.0 alloc_bytes=21045339750 VmRSS_kib=20554752
[metrics] name=MD elapsed_s=432.0 alloc_bytes=21045339750 VmRSS_kib=20554752
[metrics] name=MD elapsed_s=433.0 alloc_bytes=21045339750 VmRSS_kib=20554752
[metrics] name=MD elapsed_s=434.0 alloc_bytes=21045339750 VmRSS_kib=20554752
[metrics] name=MD elapsed_s=435.0 alloc_bytes=21045339750 VmRSS_kib=20554752
[metrics] name=MD elapsed_s=436.0 alloc_bytes=21045339750 VmRSS_kib=20554752
[metrics] name=MD elapsed_s=437.0 alloc_bytes=21045339750 VmRSS_kib=20554752
[metrics] name=MD elapsed_s=438.0 alloc_bytes=21045339750 VmRSS_kib=20554752
[metrics] name=MD elapsed_s=439.0 alloc_bytes=21045339750 VmRSS_kib=20554752
[metrics] name=MD elapsed_s=440.0 alloc_bytes=21045339750 VmRSS_kib=20554752
[metrics] name=MD elapsed_s=441.0 alloc_bytes=21045339750 VmRSS_kib=20554752
[metrics] name=MD elapsed_s=442.0 alloc_bytes=21045339750 VmRSS_kib=20554752
[metrics] name=MD elapsed_s=443.0 alloc_bytes=21045339750 VmRSS_kib=20554752
[metrics] name=MD elapsed_s=444.0 alloc_bytes=21045339750 VmRSS_kib=20554752
[metrics] name=MD elapsed_s=445.0 alloc_bytes=21045339750 VmRSS_kib=20554752
[metrics] name=MD elapsed_s=446.0 alloc_bytes=21045339750 VmRSS_kib=20554752
[metrics] name=MD elapsed_s=447.0 alloc_bytes=21045339750 VmRSS_kib=20554752
[metrics] name=MD elapsed_s=448.0 alloc_bytes=21045339750 VmRSS_kib=20554752
[metrics] name=MD elapsed_s=449.0 alloc_bytes=21045339750 VmRSS_kib=20554752
[metrics] name=MD elapsed_s=450.0 alloc_bytes=21045339750 VmRSS_kib=20554752
[metrics] name=MD elapsed_s=451.0 alloc_bytes=21045339750 VmRSS_kib=20554752
[metrics] name=MD elapsed_s=452.0 alloc_bytes=21045339750 VmRSS_kib=20554752
[metrics] name=MD elapsed_s=453.0 alloc_bytes=21045339750 VmRSS_kib=20554752
[metrics] name=MD elapsed_s=454.0 alloc_bytes=21045339750 VmRSS_kib=20554752
[metrics] name=MD elapsed_s=455.0 alloc_bytes=21045339750 VmRSS_kib=20554752
[metrics] name=MD elapsed_s=456.0 alloc_bytes=21045339750 VmRSS_kib=20554752
[metrics] name=MD elapsed_s=457.0 alloc_bytes=21045339750 VmRSS_kib=20554752
[metrics] name=MD elapsed_s=458.0 alloc_bytes=21045339750 VmRSS_kib=20554752
== Phase 5 ==
MEM: -=4402341478 bytes
== Phase 6 ==
CPU: threads=10 util=0.6 duration=395.0s
[metrics] name=MD elapsed_s=459.0 alloc_bytes=16642998272 VmRSS_kib=16255676
[metrics] name=MD elapsed_s=460.0 alloc_bytes=16642998272 VmRSS_kib=16255676
[metrics] name=MD elapsed_s=461.0 alloc_bytes=16642998272 VmRSS_kib=16255676
[metrics] name=MD elapsed_s=462.0 alloc_bytes=16642998272 VmRSS_kib=16255676
[metrics] name=MD elapsed_s=463.0 alloc_bytes=16642998272 VmRSS_kib=16255676
[metrics] name=MD elapsed_s=464.0 alloc_bytes=16642998272 VmRSS_kib=16255676
[metrics] name=MD elapsed_s=465.0 alloc_bytes=16642998272 VmRSS_kib=16255676
[metrics] name=MD elapsed_s=466.0 alloc_bytes=16642998272 VmRSS_kib=16255676
[metrics] name=MD elapsed_s=467.0 alloc_bytes=16642998272 VmRSS_kib=16255676
[metrics] name=MD elapsed_s=468.0 alloc_bytes=16642998272 VmRSS_kib=16255676
[metrics] name=MD elapsed_s=469.0 alloc_bytes=16642998272 VmRSS_kib=16255676
[metrics] name=MD elapsed_s=470.0 alloc_bytes=16642998272 VmRSS_kib=16255676
[metrics] name=MD elapsed_s=471.0 alloc_bytes=16642998272 VmRSS_kib=16255676
[metrics] name=MD elapsed_s=472.0 alloc_bytes=16642998272 VmRSS_kib=16255676
[metrics] name=MD elapsed_s=473.0 alloc_bytes=16642998272 VmRSS_kib=16255676
[metrics] name=MD elapsed_s=474.0 alloc_bytes=16642998272 VmRSS_kib=16255676
[metrics] name=MD elapsed_s=475.0 alloc_bytes=16642998272 VmRSS_kib=16255676
[metrics] name=MD elapsed_s=476.0 alloc_bytes=16642998272 VmRSS_kib=16255676
[metrics] name=MD elapsed_s=477.0 alloc_bytes=16642998272 VmRSS_kib=16255676
[metrics] name=MD elapsed_s=478.0 alloc_bytes=16642998272 VmRSS_kib=16255676
[metrics] name=MD elapsed_s=479.0 alloc_bytes=16642998272 VmRSS_kib=16255676
[metrics] name=MD elapsed_s=480.0 alloc_bytes=16642998272 VmRSS_kib=16255676
[metrics] name=MD elapsed_s=481.0 alloc_bytes=16642998272 VmRSS_kib=16255676
[metrics] name=MD elapsed_s=482.0 alloc_bytes=16642998272 VmRSS_kib=16255676
[metrics] name=MD elapsed_s=483.0 alloc_bytes=16642998272 VmRSS_kib=16255676
[metrics] name=MD elapsed_s=484.0 alloc_bytes=16642998272 VmRSS_kib=16255676
[metrics] name=MD elapsed_s=485.0 alloc_bytes=16642998272 VmRSS_kib=16255676
[metrics] name=MD elapsed_s=486.0 alloc_bytes=16642998272 VmRSS_kib=16255676
[metrics] name=MD elapsed_s=487.0 alloc_bytes=16642998272 VmRSS_kib=16255676
[metrics] name=MD elapsed_s=488.0 alloc_bytes=16642998272 VmRSS_kib=16255676
[metrics] name=MD elapsed_s=489.0 alloc_bytes=16642998272 VmRSS_kib=16255676
[metrics] name=MD elapsed_s=490.0 alloc_bytes=16642998272 VmRSS_kib=16255676
[metrics] name=MD elapsed_s=491.0 alloc_bytes=16642998272 VmRSS_kib=16255676
[metrics] name=MD elapsed_s=492.0 alloc_bytes=16642998272 VmRSS_kib=16255676
[metrics] name=MD elapsed_s=493.0 alloc_bytes=16642998272 VmRSS_kib=16255676
[metrics] name=MD elapsed_s=494.0 alloc_bytes=16642998272 VmRSS_kib=16255676
[metrics] name=MD elapsed_s=495.0 alloc_bytes=16642998272 VmRSS_kib=16255676
[metrics] name=MD elapsed_s=496.0 alloc_bytes=16642998272 VmRSS_kib=16255676
[metrics] name=MD elapsed_s=497.0 alloc_bytes=16642998272 VmRSS_kib=16255676
[metrics] name=MD elapsed_s=498.0 alloc_bytes=16642998272 VmRSS_kib=16255676
[metrics] name=MD elapsed_s=499.0 alloc_bytes=16642998272 VmRSS_kib=16255676
[metrics] name=MD elapsed_s=500.0 alloc_bytes=16642998272 VmRSS_kib=16255676
[metrics] name=MD elapsed_s=501.0 alloc_bytes=16642998272 VmRSS_kib=16255676
[metrics] name=MD elapsed_s=502.0 alloc_bytes=16642998272 VmRSS_kib=16255676
[metrics] name=MD elapsed_s=503.0 alloc_bytes=16642998272 VmRSS_kib=16255676
[metrics] name=MD elapsed_s=504.0 alloc_bytes=16642998272 VmRSS_kib=16255676
[metrics] name=MD elapsed_s=505.0 alloc_bytes=16642998272 VmRSS_kib=16255676
[metrics] name=MD elapsed_s=506.0 alloc_bytes=16642998272 VmRSS_kib=16255676
[metrics] name=MD elapsed_s=507.0 alloc_bytes=16642998272 VmRSS_kib=16255676
[metrics] name=MD elapsed_s=508.0 alloc_bytes=16642998272 VmRSS_kib=16255676
[metrics] name=MD elapsed_s=509.0 alloc_bytes=16642998272 VmRSS_kib=16255676
[metrics] name=MD elapsed_s=510.0 alloc_bytes=16642998272 VmRSS_kib=16255676
[metrics] name=MD elapsed_s=511.0 alloc_bytes=16642998272 VmRSS_kib=16255676
[metrics] name=MD elapsed_s=512.0 alloc_bytes=16642998272 VmRSS_kib=16255676
[metrics] name=MD elapsed_s=513.0 alloc_bytes=16642998272 VmRSS_kib=16255676
[metrics] name=MD elapsed_s=514.0 alloc_bytes=16642998272 VmRSS_kib=16255676
[metrics] name=MD elapsed_s=515.0 alloc_bytes=16642998272 VmRSS_kib=16255676
[metrics] name=MD elapsed_s=516.0 alloc_bytes=16642998272 VmRSS_kib=16255676
[metrics] name=MD elapsed_s=517.0 alloc_bytes=16642998272 VmRSS_kib=16255676
[metrics] name=MD elapsed_s=518.0 alloc_bytes=16642998272 VmRSS_kib=16255676
[metrics] name=MD elapsed_s=519.0 alloc_bytes=16642998272 VmRSS_kib=16255676
[metrics] name=MD elapsed_s=520.0 alloc_bytes=16642998272 VmRSS_kib=16255676
[metrics] name=MD elapsed_s=521.0 alloc_bytes=16642998272 VmRSS_kib=16255676
[metrics] name=MD elapsed_s=522.0 alloc_bytes=16642998272 VmRSS_kib=16255676
[metrics] name=MD elapsed_s=523.0 alloc_bytes=16642998272 VmRSS_kib=16255676
[metrics] name=MD elapsed_s=524.0 alloc_bytes=16642998272 VmRSS_kib=16255676
[metrics] name=MD elapsed_s=525.0 alloc_bytes=16642998272 VmRSS_kib=16255676
[metrics] name=MD elapsed_s=526.0 alloc_bytes=16642998272 VmRSS_kib=16255676
[metrics] name=MD elapsed_s=527.0 alloc_bytes=16642998272 VmRSS_kib=16255676
[metrics] name=MD elapsed_s=528.0 alloc_bytes=16642998272 VmRSS_kib=16255676
[metrics] name=MD elapsed_s=529.0 alloc_bytes=16642998272 VmRSS_kib=16255676
[metrics] name=MD elapsed_s=530.0 alloc_bytes=16642998272 VmRSS_kib=16255676
[metrics] name=MD elapsed_s=531.0 alloc_bytes=16642998272 VmRSS_kib=16255676
[metrics] name=MD elapsed_s=532.0 alloc_bytes=16642998272 VmRSS_kib=16255676
[metrics] name=MD elapsed_s=533.0 alloc_bytes=16642998272 VmRSS_kib=16255676
[metrics] name=MD elapsed_s=534.0 alloc_bytes=16642998272 VmRSS_kib=16255676
[metrics] name=MD elapsed_s=535.0 alloc_bytes=16642998272 VmRSS_kib=16255676
[metrics] name=MD elapsed_s=536.0 alloc_bytes=16642998272 VmRSS_kib=16255676
[metrics] name=MD elapsed_s=537.0 alloc_bytes=16642998272 VmRSS_kib=16255676
[metrics] name=MD elapsed_s=538.0 alloc_bytes=16642998272 VmRSS_kib=16255676
[metrics] name=MD elapsed_s=539.0 alloc_bytes=16642998272 VmRSS_kib=16255676
[metrics] name=MD elapsed_s=540.0 alloc_bytes=16642998272 VmRSS_kib=16255676
[metrics] name=MD elapsed_s=541.0 alloc_bytes=16642998272 VmRSS_kib=16255676
[metrics] name=MD elapsed_s=542.0 alloc_bytes=16642998272 VmRSS_kib=16255676
[metrics] name=MD elapsed_s=543.0 alloc_bytes=16642998272 VmRSS_kib=16255676
[metrics] name=MD elapsed_s=544.0 alloc_bytes=16642998272 VmRSS_kib=16255676
[metrics] name=MD elapsed_s=545.0 alloc_bytes=16642998272 VmRSS_kib=16255676
[metrics] name=MD elapsed_s=546.0 alloc_bytes=16642998272 VmRSS_kib=16255676
[metrics] name=MD elapsed_s=547.0 alloc_bytes=16642998272 VmRSS_kib=16255676
[metrics] name=MD elapsed_s=548.0 alloc_bytes=16642998272 VmRSS_kib=16255676
[metrics] name=MD elapsed_s=549.0 alloc_bytes=16642998272 VmRSS_kib=16255676
[metrics] name=MD elapsed_s=550.0 alloc_bytes=16642998272 VmRSS_kib=16255676
[metrics] name=MD elapsed_s=551.0 alloc_bytes=16642998272 VmRSS_kib=16255676
[metrics] name=MD elapsed_s=552.0 alloc_bytes=16642998272 VmRSS_kib=16255676
[metrics] name=MD elapsed_s=553.0 alloc_bytes=16642998272 VmRSS_kib=16255676
[metrics] name=MD elapsed_s=554.0 alloc_bytes=16642998272 VmRSS_kib=16255676
[metrics] name=MD elapsed_s=555.0 alloc_bytes=16642998272 VmRSS_kib=16255676
[metrics] name=MD elapsed_s=556.0 alloc_bytes=16642998272 VmRSS_kib=16255676
[metrics] name=MD elapsed_s=557.0 alloc_bytes=16642998272 VmRSS_kib=16255676
[metrics] name=MD elapsed_s=558.0 alloc_bytes=16642998272 VmRSS_kib=16255676
[metrics] name=MD elapsed_s=559.0 alloc_bytes=16642998272 VmRSS_kib=16255676
[metrics] name=MD elapsed_s=560.0 alloc_bytes=16642998272 VmRSS_kib=16255676
[metrics] name=MD elapsed_s=561.0 alloc_bytes=16642998272 VmRSS_kib=16255676
[metrics] name=MD elapsed_s=562.0 alloc_bytes=16642998272 VmRSS_kib=16255676
[metrics] name=MD elapsed_s=563.0 alloc_bytes=16642998272 VmRSS_kib=16255676
[metrics] name=MD elapsed_s=564.0 alloc_bytes=16642998272 VmRSS_kib=16255676
[metrics] name=MD elapsed_s=565.0 alloc_bytes=16642998272 VmRSS_kib=16255676
[metrics] name=MD elapsed_s=566.0 alloc_bytes=16642998272 VmRSS_kib=16255676
[metrics] name=MD elapsed_s=567.0 alloc_bytes=16642998272 VmRSS_kib=16255676
[metrics] name=MD elapsed_s=568.0 alloc_bytes=16642998272 VmRSS_kib=16255676
[metrics] name=MD elapsed_s=569.0 alloc_bytes=16642998272 VmRSS_kib=16255676
[metrics] name=MD elapsed_s=570.0 alloc_bytes=16642998272 VmRSS_kib=16255676
[metrics] name=MD elapsed_s=571.0 alloc_bytes=16642998272 VmRSS_kib=16255676
[metrics] name=MD elapsed_s=572.0 alloc_bytes=16642998272 VmRSS_kib=16255676
[metrics] name=MD elapsed_s=573.0 alloc_bytes=16642998272 VmRSS_kib=16255676
[metrics] name=MD elapsed_s=574.0 alloc_bytes=16642998272 VmRSS_kib=16255676
[metrics] name=MD elapsed_s=575.0 alloc_bytes=16642998272 VmRSS_kib=16255676
[metrics] name=MD elapsed_s=576.0 alloc_bytes=16642998272 VmRSS_kib=16255676
[metrics] name=MD elapsed_s=577.0 alloc_bytes=16642998272 VmRSS_kib=16255676
[metrics] name=MD elapsed_s=578.0 alloc_bytes=16642998272 VmRSS_kib=16255676
[metrics] name=MD elapsed_s=579.0 alloc_bytes=16642998272 VmRSS_kib=16255676
[metrics] name=MD elapsed_s=580.0 alloc_bytes=16642998272 VmRSS_kib=16255676
[metrics] name=MD elapsed_s=581.0 alloc_bytes=16642998272 VmRSS_kib=16255676
[metrics] name=MD elapsed_s=582.0 alloc_bytes=16642998272 VmRSS_kib=16255676
[metrics] name=MD elapsed_s=583.0 alloc_bytes=16642998272 VmRSS_kib=16255676
[metrics] name=MD elapsed_s=584.0 alloc_bytes=16642998272 VmRSS_kib=16255676
[metrics] name=MD elapsed_s=585.0 alloc_bytes=16642998272 VmRSS_kib=16255676
[metrics] name=MD elapsed_s=586.0 alloc_bytes=16642998272 VmRSS_kib=16255676
[metrics] name=MD elapsed_s=587.0 alloc_bytes=16642998272 VmRSS_kib=16255676
[metrics] name=MD elapsed_s=588.0 alloc_bytes=16642998272 VmRSS_kib=16255676
[metrics] name=MD elapsed_s=589.0 alloc_bytes=16642998272 VmRSS_kib=16255676
[metrics] name=MD elapsed_s=590.0 alloc_bytes=16642998272 VmRSS_kib=16255676
[metrics] name=MD elapsed_s=591.0 alloc_bytes=16642998272 VmRSS_kib=16255676
[metrics] name=MD elapsed_s=592.0 alloc_bytes=16642998272 VmRSS_kib=16255676
[metrics] name=MD elapsed_s=593.0 alloc_bytes=16642998272 VmRSS_kib=16255676
[metrics] name=MD elapsed_s=594.0 alloc_bytes=16642998272 VmRSS_kib=16255676
[metrics] name=MD elapsed_s=595.0 alloc_bytes=16642998272 VmRSS_kib=16255676
[metrics] name=MD elapsed_s=596.0 alloc_bytes=16642998272 VmRSS_kib=16255676
[metrics] name=MD elapsed_s=597.0 alloc_bytes=16642998272 VmRSS_kib=16255676
[metrics] name=MD elapsed_s=598.0 alloc_bytes=16642998272 VmRSS_kib=16255676
[metrics] name=MD elapsed_s=599.0 alloc_bytes=16642998272 VmRSS_kib=16255676
[metrics] name=MD elapsed_s=600.0 alloc_bytes=16642998272 VmRSS_kib=16255676
[metrics] name=MD elapsed_s=601.0 alloc_bytes=16642998272 VmRSS_kib=16255676
[metrics] name=MD elapsed_s=602.0 alloc_bytes=16642998272 VmRSS_kib=16255676
[metrics] name=MD elapsed_s=603.0 alloc_bytes=16642998272 VmRSS_kib=16255676
[metrics] name=MD elapsed_s=604.0 alloc_bytes=16642998272 VmRSS_kib=16255676
[metrics] name=MD elapsed_s=605.0 alloc_bytes=16642998272 VmRSS_kib=16255676
[metrics] name=MD elapsed_s=606.0 alloc_bytes=16642998272 VmRSS_kib=16255676
[metrics] name=MD elapsed_s=607.0 alloc_bytes=16642998272 VmRSS_kib=16255676
[metrics] name=MD elapsed_s=608.0 alloc_bytes=16642998272 VmRSS_kib=16255676
[metrics] name=MD elapsed_s=609.0 alloc_bytes=16642998272 VmRSS_kib=16255676
[metrics] name=MD elapsed_s=610.0 alloc_bytes=16642998272 VmRSS_kib=16255676
[metrics] name=MD elapsed_s=611.0 alloc_bytes=16642998272 VmRSS_kib=16255676
[metrics] name=MD elapsed_s=612.0 alloc_bytes=16642998272 VmRSS_kib=16255676
[metrics] name=MD elapsed_s=613.0 alloc_bytes=16642998272 VmRSS_kib=16255676
[metrics] name=MD elapsed_s=614.0 alloc_bytes=16642998272 VmRSS_kib=16255676
[metrics] name=MD elapsed_s=615.0 alloc_bytes=16642998272 VmRSS_kib=16255676
[metrics] name=MD elapsed_s=616.0 alloc_bytes=16642998272 VmRSS_kib=16255676
[metrics] name=MD elapsed_s=617.0 alloc_bytes=16642998272 VmRSS_kib=16255676
[metrics] name=MD elapsed_s=618.0 alloc_bytes=16642998272 VmRSS_kib=16255676
[metrics] name=MD elapsed_s=619.1 alloc_bytes=16642998272 VmRSS_kib=16255676
[metrics] name=MD elapsed_s=620.0 alloc_bytes=16642998272 VmRSS_kib=16255676
[metrics] name=MD elapsed_s=621.0 alloc_bytes=16642998272 VmRSS_kib=16255676
[metrics] name=MD elapsed_s=622.0 alloc_bytes=16642998272 VmRSS_kib=16255676
[metrics] name=MD elapsed_s=623.0 alloc_bytes=16642998272 VmRSS_kib=16255676
[metrics] name=MD elapsed_s=624.0 alloc_bytes=16642998272 VmRSS_kib=16255676
[metrics] name=MD elapsed_s=625.0 alloc_bytes=16642998272 VmRSS_kib=16255676
[metrics] name=MD elapsed_s=626.0 alloc_bytes=16642998272 VmRSS_kib=16255676
[metrics] name=MD elapsed_s=627.0 alloc_bytes=16642998272 VmRSS_kib=16255676
[metrics] name=MD elapsed_s=628.0 alloc_bytes=16642998272 VmRSS_kib=16255676
[metrics] name=MD elapsed_s=629.0 alloc_bytes=16642998272 VmRSS_kib=16255676
[metrics] name=MD elapsed_s=630.0 alloc_bytes=16642998272 VmRSS_kib=16255676
[metrics] name=MD elapsed_s=631.0 alloc_bytes=16642998272 VmRSS_kib=16255676
[metrics] name=MD elapsed_s=632.0 alloc_bytes=16642998272 VmRSS_kib=16255676
[metrics] name=MD elapsed_s=633.0 alloc_bytes=16642998272 VmRSS_kib=16255676
[metrics] name=MD elapsed_s=634.0 alloc_bytes=16642998272 VmRSS_kib=16255676
[metrics] name=MD elapsed_s=635.0 alloc_bytes=16642998272 VmRSS_kib=16255676
[metrics] name=MD elapsed_s=636.0 alloc_bytes=16642998272 VmRSS_kib=16255676
[metrics] name=MD elapsed_s=637.0 alloc_bytes=16642998272 VmRSS_kib=16255676
[metrics] name=MD elapsed_s=638.0 alloc_bytes=16642998272 VmRSS_kib=16255676
[metrics] name=MD elapsed_s=639.0 alloc_bytes=16642998272 VmRSS_kib=16255676
[metrics] name=MD elapsed_s=640.0 alloc_bytes=16642998272 VmRSS_kib=16255676
[metrics] name=MD elapsed_s=641.0 alloc_bytes=16642998272 VmRSS_kib=16255676
[metrics] name=MD elapsed_s=642.0 alloc_bytes=16642998272 VmRSS_kib=16255676
[metrics] name=MD elapsed_s=643.0 alloc_bytes=16642998272 VmRSS_kib=16255676
[metrics] name=MD elapsed_s=644.0 alloc_bytes=16642998272 VmRSS_kib=16255676
[metrics] name=MD elapsed_s=645.0 alloc_bytes=16642998272 VmRSS_kib=16255676
[metrics] name=MD elapsed_s=646.0 alloc_bytes=16642998272 VmRSS_kib=16255676
[metrics] name=MD elapsed_s=647.0 alloc_bytes=16642998272 VmRSS_kib=16255676
[metrics] name=MD elapsed_s=648.0 alloc_bytes=16642998272 VmRSS_kib=16255676
[metrics] name=MD elapsed_s=649.0 alloc_bytes=16642998272 VmRSS_kib=16255676
[metrics] name=MD elapsed_s=650.0 alloc_bytes=16642998272 VmRSS_kib=16255676
[metrics] name=MD elapsed_s=651.0 alloc_bytes=16642998272 VmRSS_kib=16255676
[metrics] name=MD elapsed_s=652.0 alloc_bytes=16642998272 VmRSS_kib=16255676
[metrics] name=MD elapsed_s=653.0 alloc_bytes=16642998272 VmRSS_kib=16255676
[metrics] name=MD elapsed_s=654.0 alloc_bytes=16642998272 VmRSS_kib=16255676
[metrics] name=MD elapsed_s=655.0 alloc_bytes=16642998272 VmRSS_kib=16255676
[metrics] name=MD elapsed_s=656.0 alloc_bytes=16642998272 VmRSS_kib=16255676
[metrics] name=MD elapsed_s=657.0 alloc_bytes=16642998272 VmRSS_kib=16255676
[metrics] name=MD elapsed_s=658.0 alloc_bytes=16642998272 VmRSS_kib=16255676
[metrics] name=MD elapsed_s=659.0 alloc_bytes=16642998272 VmRSS_kib=16255676
[metrics] name=MD elapsed_s=660.0 alloc_bytes=16642998272 VmRSS_kib=16255676
[metrics] name=MD elapsed_s=661.0 alloc_bytes=16642998272 VmRSS_kib=16255676
[metrics] name=MD elapsed_s=662.0 alloc_bytes=16642998272 VmRSS_kib=16255676
[metrics] name=MD elapsed_s=663.0 alloc_bytes=16642998272 VmRSS_kib=16255676
[metrics] name=MD elapsed_s=664.0 alloc_bytes=16642998272 VmRSS_kib=16255676
[metrics] name=MD elapsed_s=665.0 alloc_bytes=16642998272 VmRSS_kib=16255676
[metrics] name=MD elapsed_s=666.0 alloc_bytes=16642998272 VmRSS_kib=16255676
[metrics] name=MD elapsed_s=667.0 alloc_bytes=16642998272 VmRSS_kib=16255676
[metrics] name=MD elapsed_s=668.0 alloc_bytes=16642998272 VmRSS_kib=16255676
[metrics] name=MD elapsed_s=669.0 alloc_bytes=16642998272 VmRSS_kib=16255676
[metrics] name=MD elapsed_s=670.0 alloc_bytes=16642998272 VmRSS_kib=16255676
[metrics] name=MD elapsed_s=671.0 alloc_bytes=16642998272 VmRSS_kib=16255676
[metrics] name=MD elapsed_s=672.0 alloc_bytes=16642998272 VmRSS_kib=16255676
[metrics] name=MD elapsed_s=673.0 alloc_bytes=16642998272 VmRSS_kib=16255676
[metrics] name=MD elapsed_s=674.0 alloc_bytes=16642998272 VmRSS_kib=16255676
[metrics] name=MD elapsed_s=675.0 alloc_bytes=16642998272 VmRSS_kib=16255676
[metrics] name=MD elapsed_s=676.0 alloc_bytes=16642998272 VmRSS_kib=16255676
[metrics] name=MD elapsed_s=677.0 alloc_bytes=16642998272 VmRSS_kib=16255676
[metrics] name=MD elapsed_s=678.0 alloc_bytes=16642998272 VmRSS_kib=16255676
[metrics] name=MD elapsed_s=679.0 alloc_bytes=16642998272 VmRSS_kib=16255676
[metrics] name=MD elapsed_s=680.0 alloc_bytes=16642998272 VmRSS_kib=16255676
[metrics] name=MD elapsed_s=681.0 alloc_bytes=16642998272 VmRSS_kib=16255676
[metrics] name=MD elapsed_s=682.0 alloc_bytes=16642998272 VmRSS_kib=16255676
[metrics] name=MD elapsed_s=683.0 alloc_bytes=16642998272 VmRSS_kib=16255676
[metrics] name=MD elapsed_s=684.0 alloc_bytes=16642998272 VmRSS_kib=16255676
[metrics] name=MD elapsed_s=685.0 alloc_bytes=16642998272 VmRSS_kib=16255676
[metrics] name=MD elapsed_s=686.0 alloc_bytes=16642998272 VmRSS_kib=16255676
[metrics] name=MD elapsed_s=687.0 alloc_bytes=16642998272 VmRSS_kib=16255676
[metrics] name=MD elapsed_s=688.0 alloc_bytes=16642998272 VmRSS_kib=16255676
[metrics] name=MD elapsed_s=689.0 alloc_bytes=16642998272 VmRSS_kib=16255676
[metrics] name=MD elapsed_s=690.0 alloc_bytes=16642998272 VmRSS_kib=16255676
[metrics] name=MD elapsed_s=691.0 alloc_bytes=16642998272 VmRSS_kib=16255676
[metrics] name=MD elapsed_s=692.0 alloc_bytes=16642998272 VmRSS_kib=16255676
[metrics] name=MD elapsed_s=693.0 alloc_bytes=16642998272 VmRSS_kib=16255676
[metrics] name=MD elapsed_s=694.0 alloc_bytes=16642998272 VmRSS_kib=16255676
[metrics] name=MD elapsed_s=695.0 alloc_bytes=16642998272 VmRSS_kib=16255676
[metrics] name=MD elapsed_s=696.0 alloc_bytes=16642998272 VmRSS_kib=16255676
[metrics] name=MD elapsed_s=697.0 alloc_bytes=16642998272 VmRSS_kib=16255676
[metrics] name=MD elapsed_s=698.0 alloc_bytes=16642998272 VmRSS_kib=16255676
[metrics] name=MD elapsed_s=699.0 alloc_bytes=16642998272 VmRSS_kib=16255676
[metrics] name=MD elapsed_s=700.0 alloc_bytes=16642998272 VmRSS_kib=16255676
[metrics] name=MD elapsed_s=701.0 alloc_bytes=16642998272 VmRSS_kib=16255676
[metrics] name=MD elapsed_s=702.0 alloc_bytes=16642998272 VmRSS_kib=16255676
[metrics] name=MD elapsed_s=703.0 alloc_bytes=16642998272 VmRSS_kib=16255676
[metrics] name=MD elapsed_s=704.0 alloc_bytes=16642998272 VmRSS_kib=16255676
[metrics] name=MD elapsed_s=705.0 alloc_bytes=16642998272 VmRSS_kib=16255676
[metrics] name=MD elapsed_s=706.0 alloc_bytes=16642998272 VmRSS_kib=16255676
[metrics] name=MD elapsed_s=707.0 alloc_bytes=16642998272 VmRSS_kib=16255676
[metrics] name=MD elapsed_s=708.0 alloc_bytes=16642998272 VmRSS_kib=16255676
[metrics] name=MD elapsed_s=709.0 alloc_bytes=16642998272 VmRSS_kib=16255676
[metrics] name=MD elapsed_s=710.0 alloc_bytes=16642998272 VmRSS_kib=16255676
[metrics] name=MD elapsed_s=711.0 alloc_bytes=16642998272 VmRSS_kib=16255676
[metrics] name=MD elapsed_s=712.0 alloc_bytes=16642998272 VmRSS_kib=16255676
[metrics] name=MD elapsed_s=713.0 alloc_bytes=16642998272 VmRSS_kib=16255676
[metrics] name=MD elapsed_s=714.0 alloc_bytes=16642998272 VmRSS_kib=16255676
[metrics] name=MD elapsed_s=715.0 alloc_bytes=16642998272 VmRSS_kib=16255676
[metrics] name=MD elapsed_s=716.0 alloc_bytes=16642998272 VmRSS_kib=16255676
[metrics] name=MD elapsed_s=717.0 alloc_bytes=16642998272 VmRSS_kib=16255676
[metrics] name=MD elapsed_s=718.0 alloc_bytes=16642998272 VmRSS_kib=16255676
[metrics] name=MD elapsed_s=719.0 alloc_bytes=16642998272 VmRSS_kib=16255676
[metrics] name=MD elapsed_s=720.0 alloc_bytes=16642998272 VmRSS_kib=16255676
[metrics] name=MD elapsed_s=721.0 alloc_bytes=16642998272 VmRSS_kib=16255676
[metrics] name=MD elapsed_s=722.0 alloc_bytes=16642998272 VmRSS_kib=16255676
[metrics] name=MD elapsed_s=723.0 alloc_bytes=16642998272 VmRSS_kib=16255676
[metrics] name=MD elapsed_s=724.0 alloc_bytes=16642998272 VmRSS_kib=16255676
[metrics] name=MD elapsed_s=725.0 alloc_bytes=16642998272 VmRSS_kib=16255676
[metrics] name=MD elapsed_s=726.0 alloc_bytes=16642998272 VmRSS_kib=16255676
[metrics] name=MD elapsed_s=727.0 alloc_bytes=16642998272 VmRSS_kib=16255676
[metrics] name=MD elapsed_s=728.0 alloc_bytes=16642998272 VmRSS_kib=16255676
[metrics] name=MD elapsed_s=729.0 alloc_bytes=16642998272 VmRSS_kib=16255676
[metrics] name=MD elapsed_s=730.0 alloc_bytes=16642998272 VmRSS_kib=16255676
[metrics] name=MD elapsed_s=731.0 alloc_bytes=16642998272 VmRSS_kib=16255676
[metrics] name=MD elapsed_s=732.0 alloc_bytes=16642998272 VmRSS_kib=16255676
[metrics] name=MD elapsed_s=733.0 alloc_bytes=16642998272 VmRSS_kib=16255676
[metrics] name=MD elapsed_s=734.0 alloc_bytes=16642998272 VmRSS_kib=16255676
[metrics] name=MD elapsed_s=735.0 alloc_bytes=16642998272 VmRSS_kib=16255676
[metrics] name=MD elapsed_s=736.0 alloc_bytes=16642998272 VmRSS_kib=16255676
[metrics] name=MD elapsed_s=737.0 alloc_bytes=16642998272 VmRSS_kib=16255676
[metrics] name=MD elapsed_s=738.0 alloc_bytes=16642998272 VmRSS_kib=16255676
[metrics] name=MD elapsed_s=739.0 alloc_bytes=16642998272 VmRSS_kib=16255676
[metrics] name=MD elapsed_s=740.0 alloc_bytes=16642998272 VmRSS_kib=16255676
[metrics] name=MD elapsed_s=741.0 alloc_bytes=16642998272 VmRSS_kib=16255676
[metrics] name=MD elapsed_s=742.0 alloc_bytes=16642998272 VmRSS_kib=16255676
[metrics] name=MD elapsed_s=743.0 alloc_bytes=16642998272 VmRSS_kib=16255676
[metrics] name=MD elapsed_s=744.0 alloc_bytes=16642998272 VmRSS_kib=16255676
[metrics] name=MD elapsed_s=745.0 alloc_bytes=16642998272 VmRSS_kib=16255676
[metrics] name=MD elapsed_s=746.0 alloc_bytes=16642998272 VmRSS_kib=16255676
[metrics] name=MD elapsed_s=747.0 alloc_bytes=16642998272 VmRSS_kib=16255676
[metrics] name=MD elapsed_s=748.0 alloc_bytes=16642998272 VmRSS_kib=16255676
[metrics] name=MD elapsed_s=749.0 alloc_bytes=16642998272 VmRSS_kib=16255676
[metrics] name=MD elapsed_s=750.0 alloc_bytes=16642998272 VmRSS_kib=16255676
[metrics] name=MD elapsed_s=751.0 alloc_bytes=16642998272 VmRSS_kib=16255676
[metrics] name=MD elapsed_s=752.0 alloc_bytes=16642998272 VmRSS_kib=16255676
[metrics] name=MD elapsed_s=753.0 alloc_bytes=16642998272 VmRSS_kib=16255676
[metrics] name=MD elapsed_s=754.0 alloc_bytes=16642998272 VmRSS_kib=16255676
[metrics] name=MD elapsed_s=755.0 alloc_bytes=16642998272 VmRSS_kib=16255676
[metrics] name=MD elapsed_s=756.0 alloc_bytes=16642998272 VmRSS_kib=16255676
[metrics] name=MD elapsed_s=757.0 alloc_bytes=16642998272 VmRSS_kib=16255676
[metrics] name=MD elapsed_s=758.0 alloc_bytes=16642998272 VmRSS_kib=16255676
[metrics] name=MD elapsed_s=759.0 alloc_bytes=16642998272 VmRSS_kib=16255676
[metrics] name=MD elapsed_s=760.0 alloc_bytes=16642998272 VmRSS_kib=16255676
[metrics] name=MD elapsed_s=761.0 alloc_bytes=16642998272 VmRSS_kib=16255676
[metrics] name=MD elapsed_s=762.0 alloc_bytes=16642998272 VmRSS_kib=16255676
[metrics] name=MD elapsed_s=763.0 alloc_bytes=16642998272 VmRSS_kib=16255676
[metrics] name=MD elapsed_s=764.0 alloc_bytes=16642998272 VmRSS_kib=16255676
[metrics] name=MD elapsed_s=765.0 alloc_bytes=16642998272 VmRSS_kib=16255676
[metrics] name=MD elapsed_s=766.0 alloc_bytes=16642998272 VmRSS_kib=16255676
[metrics] name=MD elapsed_s=767.0 alloc_bytes=16642998272 VmRSS_kib=16255676
[metrics] name=MD elapsed_s=768.0 alloc_bytes=16642998272 VmRSS_kib=16255676
[metrics] name=MD elapsed_s=769.0 alloc_bytes=16642998272 VmRSS_kib=16255676
[metrics] name=MD elapsed_s=770.0 alloc_bytes=16642998272 VmRSS_kib=16255676
[metrics] name=MD elapsed_s=771.0 alloc_bytes=16642998272 VmRSS_kib=16255676
[metrics] name=MD elapsed_s=772.0 alloc_bytes=16642998272 VmRSS_kib=16255676
[metrics] name=MD elapsed_s=773.0 alloc_bytes=16642998272 VmRSS_kib=16255676
[metrics] name=MD elapsed_s=774.0 alloc_bytes=16642998272 VmRSS_kib=16255676
[metrics] name=MD elapsed_s=775.0 alloc_bytes=16642998272 VmRSS_kib=16255676
[metrics] name=MD elapsed_s=776.0 alloc_bytes=16642998272 VmRSS_kib=16255676
[metrics] name=MD elapsed_s=777.0 alloc_bytes=16642998272 VmRSS_kib=16255676
[metrics] name=MD elapsed_s=778.0 alloc_bytes=16642998272 VmRSS_kib=16255676
[metrics] name=MD elapsed_s=779.0 alloc_bytes=16642998272 VmRSS_kib=16255676
[metrics] name=MD elapsed_s=780.0 alloc_bytes=16642998272 VmRSS_kib=16255676
[metrics] name=MD elapsed_s=781.0 alloc_bytes=16642998272 VmRSS_kib=16255676
[metrics] name=MD elapsed_s=782.0 alloc_bytes=16642998272 VmRSS_kib=16255676
[metrics] name=MD elapsed_s=783.0 alloc_bytes=16642998272 VmRSS_kib=16255676
[metrics] name=MD elapsed_s=784.0 alloc_bytes=16642998272 VmRSS_kib=16255676
[metrics] name=MD elapsed_s=785.0 alloc_bytes=16642998272 VmRSS_kib=16255676
[metrics] name=MD elapsed_s=786.0 alloc_bytes=16642998272 VmRSS_kib=16255676
[metrics] name=MD elapsed_s=787.0 alloc_bytes=16642998272 VmRSS_kib=16255676
[metrics] name=MD elapsed_s=788.0 alloc_bytes=16642998272 VmRSS_kib=16255676
[metrics] name=MD elapsed_s=789.0 alloc_bytes=16642998272 VmRSS_kib=16255676
[metrics] name=MD elapsed_s=790.0 alloc_bytes=16642998272 VmRSS_kib=16255676
[metrics] name=MD elapsed_s=791.0 alloc_bytes=16642998272 VmRSS_kib=16255676
[metrics] name=MD elapsed_s=792.0 alloc_bytes=16642998272 VmRSS_kib=16255676
[metrics] name=MD elapsed_s=793.0 alloc_bytes=16642998272 VmRSS_kib=16255676
[metrics] name=MD elapsed_s=794.0 alloc_bytes=16642998272 VmRSS_kib=16255676
[metrics] name=MD elapsed_s=795.0 alloc_bytes=16642998272 VmRSS_kib=16255676
[metrics] name=MD elapsed_s=796.0 alloc_bytes=16642998272 VmRSS_kib=16255676
[metrics] name=MD elapsed_s=797.0 alloc_bytes=16642998272 VmRSS_kib=16255676
[metrics] name=MD elapsed_s=798.0 alloc_bytes=16642998272 VmRSS_kib=16255676
[metrics] name=MD elapsed_s=799.0 alloc_bytes=16642998272 VmRSS_kib=16255676
[metrics] name=MD elapsed_s=800.0 alloc_bytes=16642998272 VmRSS_kib=16255676
[metrics] name=MD elapsed_s=801.0 alloc_bytes=16642998272 VmRSS_kib=16255676
[metrics] name=MD elapsed_s=802.0 alloc_bytes=16642998272 VmRSS_kib=16255676
[metrics] name=MD elapsed_s=803.0 alloc_bytes=16642998272 VmRSS_kib=16255676
[metrics] name=MD elapsed_s=804.0 alloc_bytes=16642998272 VmRSS_kib=16255676
[metrics] name=MD elapsed_s=805.0 alloc_bytes=16642998272 VmRSS_kib=16255676
[metrics] name=MD elapsed_s=806.0 alloc_bytes=16642998272 VmRSS_kib=16255676
[metrics] name=MD elapsed_s=807.0 alloc_bytes=16642998272 VmRSS_kib=16255676
[metrics] name=MD elapsed_s=808.0 alloc_bytes=16642998272 VmRSS_kib=16255676
[metrics] name=MD elapsed_s=809.0 alloc_bytes=16642998272 VmRSS_kib=16255676
[metrics] name=MD elapsed_s=810.0 alloc_bytes=16642998272 VmRSS_kib=16255676
[metrics] name=MD elapsed_s=811.0 alloc_bytes=16642998272 VmRSS_kib=16255676
[metrics] name=MD elapsed_s=812.0 alloc_bytes=16642998272 VmRSS_kib=16255676
[metrics] name=MD elapsed_s=813.0 alloc_bytes=16642998272 VmRSS_kib=16255676
[metrics] name=MD elapsed_s=814.0 alloc_bytes=16642998272 VmRSS_kib=16255676
[metrics] name=MD elapsed_s=815.0 alloc_bytes=16642998272 VmRSS_kib=16255676
[metrics] name=MD elapsed_s=816.0 alloc_bytes=16642998272 VmRSS_kib=16255676
[metrics] name=MD elapsed_s=817.0 alloc_bytes=16642998272 VmRSS_kib=16255676
[metrics] name=MD elapsed_s=818.0 alloc_bytes=16642998272 VmRSS_kib=16255676
[metrics] name=MD elapsed_s=819.0 alloc_bytes=16642998272 VmRSS_kib=16255676
[metrics] name=MD elapsed_s=820.0 alloc_bytes=16642998272 VmRSS_kib=16255676
[metrics] name=MD elapsed_s=821.0 alloc_bytes=16642998272 VmRSS_kib=16255676
[metrics] name=MD elapsed_s=822.0 alloc_bytes=16642998272 VmRSS_kib=16255676
[metrics] name=MD elapsed_s=823.0 alloc_bytes=16642998272 VmRSS_kib=16255676
[metrics] name=MD elapsed_s=824.0 alloc_bytes=16642998272 VmRSS_kib=16255676
[metrics] name=MD elapsed_s=825.0 alloc_bytes=16642998272 VmRSS_kib=16255676
[metrics] name=MD elapsed_s=826.0 alloc_bytes=16642998272 VmRSS_kib=16255676
[metrics] name=MD elapsed_s=827.0 alloc_bytes=16642998272 VmRSS_kib=16255676
[metrics] name=MD elapsed_s=828.0 alloc_bytes=16642998272 VmRSS_kib=16255676
[metrics] name=MD elapsed_s=829.0 alloc_bytes=16642998272 VmRSS_kib=16255676
[metrics] name=MD elapsed_s=830.0 alloc_bytes=16642998272 VmRSS_kib=16255676
[metrics] name=MD elapsed_s=831.0 alloc_bytes=16642998272 VmRSS_kib=16255676
[metrics] name=MD elapsed_s=832.0 alloc_bytes=16642998272 VmRSS_kib=16255676
[metrics] name=MD elapsed_s=833.0 alloc_bytes=16642998272 VmRSS_kib=16255676
[metrics] name=MD elapsed_s=834.0 alloc_bytes=16642998272 VmRSS_kib=16255676
[metrics] name=MD elapsed_s=835.0 alloc_bytes=16642998272 VmRSS_kib=16255676
[metrics] name=MD elapsed_s=836.0 alloc_bytes=16642998272 VmRSS_kib=16255676
[metrics] name=MD elapsed_s=837.0 alloc_bytes=16642998272 VmRSS_kib=16255676
[metrics] name=MD elapsed_s=838.0 alloc_bytes=16642998272 VmRSS_kib=16255676
[metrics] name=MD elapsed_s=839.0 alloc_bytes=16642998272 VmRSS_kib=16255676
[metrics] name=MD elapsed_s=840.0 alloc_bytes=16642998272 VmRSS_kib=16255676
[metrics] name=MD elapsed_s=841.0 alloc_bytes=16642998272 VmRSS_kib=16255676
[metrics] name=MD elapsed_s=842.0 alloc_bytes=16642998272 VmRSS_kib=16255676
[metrics] name=MD elapsed_s=843.0 alloc_bytes=16642998272 VmRSS_kib=16255676
[metrics] name=MD elapsed_s=844.0 alloc_bytes=16642998272 VmRSS_kib=16255676
[metrics] name=MD elapsed_s=845.0 alloc_bytes=16642998272 VmRSS_kib=16255676
[metrics] name=MD elapsed_s=846.0 alloc_bytes=16642998272 VmRSS_kib=16255676
[metrics] name=MD elapsed_s=847.0 alloc_bytes=16642998272 VmRSS_kib=16255676
[metrics] name=MD elapsed_s=848.0 alloc_bytes=16642998272 VmRSS_kib=16255676
[metrics] name=MD elapsed_s=849.0 alloc_bytes=16642998272 VmRSS_kib=16255676
[metrics] name=MD elapsed_s=850.0 alloc_bytes=16642998272 VmRSS_kib=16255676
[metrics] name=MD elapsed_s=851.0 alloc_bytes=16642998272 VmRSS_kib=16255676
[metrics] name=MD elapsed_s=852.0 alloc_bytes=16642998272 VmRSS_kib=16255676
[metrics] name=MD elapsed_s=853.0 alloc_bytes=16642998272 VmRSS_kib=16255676
Done. Total allocated bytes=16642998272
