== Phase 1 ==
MEM: abs=11703785881 bytes
== Phase 2 ==
CPU: threads=28 util=[metrics] name=DL elapsed_s=1.0 alloc_bytes=0.9 duration=11703785881 VmRSS_kib=169.0s
11432704
[metrics] name=DL elapsed_s=5.5 alloc_bytes=11703785881 VmRSS_kib=11432704
[metrics] name=DL elapsed_s=5.5 alloc_bytes=11703785881 VmRSS_kib=11432704
[metrics] name=DL elapsed_s=5.5 alloc_bytes=11703785881 VmRSS_kib=11432704
[metrics] name=DL elapsed_s=5.5 alloc_bytes=11703785881 VmRSS_kib=11432704
[metrics] name=DL elapsed_s=6.0 alloc_bytes=11703785881 VmRSS_kib=11432704
[metrics] name=DL elapsed_s=7.0 alloc_bytes=11703785881 VmRSS_kib=11431424
[metrics] name=DL elapsed_s=8.0 alloc_bytes=11703785881 VmRSS_kib=11432192
[metrics] name=DL elapsed_s=9.0 alloc_bytes=11703785881 VmRSS_kib=11432192
[metrics] name=DL elapsed_s=10.0 alloc_bytes=11703785881 VmRSS_kib=11432960
[metrics] name=DL elapsed_s=11.0 alloc_bytes=11703785881 VmRSS_kib=11432960
[metrics] name=DL elapsed_s=12.0 alloc_bytes=11703785881 VmRSS_kib=11432960
[metrics] name=DL elapsed_s=13.0 alloc_bytes=11703785881 VmRSS_kib=11432960
[metrics] name=DL elapsed_s=14.1 alloc_bytes=11703785881 VmRSS_kib=11432960
[metrics] name=DL elapsed_s=15.0 alloc_bytes=11703785881 VmRSS_kib=11432960
[metrics] name=DL elapsed_s=16.0 alloc_bytes=11703785881 VmRSS_kib=11432960
[metrics] name=DL elapsed_s=17.0 alloc_bytes=11703785881 VmRSS_kib=11432960
[metrics] name=DL elapsed_s=18.0 alloc_bytes=11703785881 VmRSS_kib=11432960
[metrics] name=DL elapsed_s=19.0 alloc_bytes=11703785881 VmRSS_kib=11431680
[metrics] name=DL elapsed_s=20.0 alloc_bytes=11703785881 VmRSS_kib=11432448
[metrics] name=DL elapsed_s=21.0 alloc_bytes=11703785881 VmRSS_kib=11432448
[metrics] name=DL elapsed_s=22.0 alloc_bytes=11703785881 VmRSS_kib=11431680
[metrics] name=DL elapsed_s=23.0 alloc_bytes=11703785881 VmRSS_kib=11432448
[metrics] name=DL elapsed_s=24.0 alloc_bytes=11703785881 VmRSS_kib=11431168
[metrics] name=DL elapsed_s=25.0 alloc_bytes=11703785881 VmRSS_kib=11432192
[metrics] name=DL elapsed_s=26.0 alloc_bytes=11703785881 VmRSS_kib=11432192
[metrics] name=DL elapsed_s=27.0 alloc_bytes=11703785881 VmRSS_kib=11432192
[metrics] name=DL elapsed_s=28.0 alloc_bytes=11703785881 VmRSS_kib=11432192
[metrics] name=DL elapsed_s=29.0 alloc_bytes=11703785881 VmRSS_kib=11432192
[metrics] name=DL elapsed_s=30.0 alloc_bytes=11703785881 VmRSS_kib=11432192
[metrics] name=DL elapsed_s=31.0 alloc_bytes=11703785881 VmRSS_kib=11430912
[metrics] name=DL elapsed_s=32.0 alloc_bytes=11703785881 VmRSS_kib=11431680
[metrics] name=DL elapsed_s=33.0 alloc_bytes=11703785881 VmRSS_kib=11431680
[metrics] name=DL elapsed_s=34.0 alloc_bytes=11703785881 VmRSS_kib=11431680
[metrics] name=DL elapsed_s=35.0 alloc_bytes=11703785881 VmRSS_kib=11431680
[metrics] name=DL elapsed_s=36.1 alloc_bytes=11703785881 VmRSS_kib=11431680
[metrics] name=DL elapsed_s=37.0 alloc_bytes=11703785881 VmRSS_kib=11431680
[metrics] name=DL elapsed_s=38.3 alloc_bytes=11703785881 VmRSS_kib=11430912
[metrics] name=DL elapsed_s=39.0 alloc_bytes=11703785881 VmRSS_kib=11431680
[metrics] name=DL elapsed_s=40.0 alloc_bytes=11703785881 VmRSS_kib=11431680
[metrics] name=DL elapsed_s=41.0 alloc_bytes=11703785881 VmRSS_kib=11431680
[metrics] name=DL elapsed_s=42.0 alloc_bytes=11703785881 VmRSS_kib=11431680
[metrics] name=DL elapsed_s=43.0 alloc_bytes=11703785881 VmRSS_kib=11431424
[metrics] name=DL elapsed_s=44.0 alloc_bytes=11703785881 VmRSS_kib=11431424
[metrics] name=DL elapsed_s=45.0 alloc_bytes=11703785881 VmRSS_kib=11431424
[metrics] name=DL elapsed_s=46.1 alloc_bytes=11703785881 VmRSS_kib=11431424
[metrics] name=DL elapsed_s=47.0 alloc_bytes=11703785881 VmRSS_kib=11431424
[metrics] name=DL elapsed_s=48.0 alloc_bytes=11703785881 VmRSS_kib=11431424
[metrics] name=DL elapsed_s=49.0 alloc_bytes=11703785881 VmRSS_kib=11431424
[metrics] name=DL elapsed_s=50.0 alloc_bytes=11703785881 VmRSS_kib=11431424
[metrics] name=DL elapsed_s=51.0 alloc_bytes=11703785881 VmRSS_kib=11431424
[metrics] name=DL elapsed_s=52.0 alloc_bytes=11703785881 VmRSS_kib=11431424
[metrics] name=DL elapsed_s=53.0 alloc_bytes=11703785881 VmRSS_kib=11431424
[metrics] name=DL elapsed_s=54.0 alloc_bytes=11703785881 VmRSS_kib=11431424
[metrics] name=DL elapsed_s=55.0 alloc_bytes=11703785881 VmRSS_kib=11431424
[metrics] name=DL elapsed_s=56.0 alloc_bytes=11703785881 VmRSS_kib=11431424
[metrics] name=DL elapsed_s=57.0 alloc_bytes=11703785881 VmRSS_kib=11431424
[metrics] name=DL elapsed_s=58.0 alloc_bytes=11703785881 VmRSS_kib=11431424
[metrics] name=DL elapsed_s=59.0 alloc_bytes=11703785881 VmRSS_kib=11431424
[metrics] name=DL elapsed_s=60.1 alloc_bytes=11703785881 VmRSS_kib=11431424
[metrics] name=DL elapsed_s=61.0 alloc_bytes=11703785881 VmRSS_kib=11431424
[metrics] name=DL elapsed_s=62.0 alloc_bytes=11703785881 VmRSS_kib=11431424
[metrics] name=DL elapsed_s=63.0 alloc_bytes=11703785881 VmRSS_kib=11431424
[metrics] name=DL elapsed_s=64.1 alloc_bytes=11703785881 VmRSS_kib=11431424
[metrics] name=DL elapsed_s=65.0 alloc_bytes=11703785881 VmRSS_kib=11431424
[metrics] name=DL elapsed_s=66.0 alloc_bytes=11703785881 VmRSS_kib=11431424
[metrics] name=DL elapsed_s=67.1 alloc_bytes=11703785881 VmRSS_kib=11431424
[metrics] name=DL elapsed_s=68.0 alloc_bytes=11703785881 VmRSS_kib=11431424
[metrics] name=DL elapsed_s=69.0 alloc_bytes=11703785881 VmRSS_kib=11431424
[metrics] name=DL elapsed_s=70.0 alloc_bytes=11703785881 VmRSS_kib=11430912
[metrics] name=DL elapsed_s=71.0 alloc_bytes=11703785881 VmRSS_kib=11431680
[metrics] name=DL elapsed_s=72.0 alloc_bytes=11703785881 VmRSS_kib=11431680
[metrics] name=DL elapsed_s=73.0 alloc_bytes=11703785881 VmRSS_kib=11431680
[metrics] name=DL elapsed_s=74.0 alloc_bytes=11703785881 VmRSS_kib=11431680
[metrics] name=DL elapsed_s=75.0 alloc_bytes=11703785881 VmRSS_kib=11431680
[metrics] name=DL elapsed_s=76.0 alloc_bytes=11703785881 VmRSS_kib=11431680
[metrics] name=DL elapsed_s=77.0 alloc_bytes=11703785881 VmRSS_kib=11431680
[metrics] name=DL elapsed_s=78.1 alloc_bytes=11703785881 VmRSS_kib=11431680
[metrics] name=DL elapsed_s=79.0 alloc_bytes=11703785881 VmRSS_kib=11431680
[metrics] name=DL elapsed_s=80.0 alloc_bytes=11703785881 VmRSS_kib=11431680
[metrics] name=DL elapsed_s=81.0 alloc_bytes=11703785881 VmRSS_kib=11431680
[metrics] name=DL elapsed_s=82.0 alloc_bytes=11703785881 VmRSS_kib=11431680
[metrics] name=DL elapsed_s=83.0 alloc_bytes=11703785881 VmRSS_kib=11431680
[metrics] name=DL elapsed_s=84.0 alloc_bytes=11703785881 VmRSS_kib=11431680
[metrics] name=DL elapsed_s=85.0 alloc_bytes=11703785881 VmRSS_kib=11431680
[metrics] name=DL elapsed_s=86.0 alloc_bytes=11703785881 VmRSS_kib=11431680
[metrics] name=DL elapsed_s=87.0 alloc_bytes=11703785881 VmRSS_kib=11431680
[metrics] name=DL elapsed_s=88.0 alloc_bytes=11703785881 VmRSS_kib=11431680
[metrics] name=DL elapsed_s=89.0 alloc_bytes=11703785881 VmRSS_kib=11431680
[metrics] name=DL elapsed_s=90.0 alloc_bytes=11703785881 VmRSS_kib=11431680
[metrics] name=DL elapsed_s=91.0 alloc_bytes=11703785881 VmRSS_kib=11431680
[metrics] name=DL elapsed_s=92.0 alloc_bytes=11703785881 VmRSS_kib=11431680
[metrics] name=DL elapsed_s=93.0 alloc_bytes=11703785881 VmRSS_kib=11431680
[metrics] name=DL elapsed_s=94.0 alloc_bytes=11703785881 VmRSS_kib=11431680
[metrics] name=DL elapsed_s=95.0 alloc_bytes=11703785881 VmRSS_kib=11431680
[metrics] name=DL elapsed_s=96.0 alloc_bytes=11703785881 VmRSS_kib=11431680
[metrics] name=DL elapsed_s=97.0 alloc_bytes=11703785881 VmRSS_kib=11431680
[metrics] name=DL elapsed_s=98.0 alloc_bytes=11703785881 VmRSS_kib=11431680
[metrics] name=DL elapsed_s=99.0 alloc_bytes=11703785881 VmRSS_kib=11431680
[metrics] name=DL elapsed_s=100.0 alloc_bytes=11703785881 VmRSS_kib=11431680
[metrics] name=DL elapsed_s=101.0 alloc_bytes=11703785881 VmRSS_kib=11431680
[metrics] name=DL elapsed_s=102.0 alloc_bytes=11703785881 VmRSS_kib=11431680
[metrics] name=DL elapsed_s=103.0 alloc_bytes=11703785881 VmRSS_kib=11431680
[metrics] name=DL elapsed_s=104.0 alloc_bytes=11703785881 VmRSS_kib=11431680
[metrics] name=DL elapsed_s=105.0 alloc_bytes=11703785881 VmRSS_kib=11431680
[metrics] name=DL elapsed_s=106.0 alloc_bytes=11703785881 VmRSS_kib=11431680
[metrics] name=DL elapsed_s=107.0 alloc_bytes=11703785881 VmRSS_kib=11431680
[metrics] name=DL elapsed_s=108.0 alloc_bytes=11703785881 VmRSS_kib=11431680
[metrics] name=DL elapsed_s=109.0 alloc_bytes=11703785881 VmRSS_kib=11431680
[metrics] name=DL elapsed_s=110.0 alloc_bytes=11703785881 VmRSS_kib=11431680
[metrics] name=DL elapsed_s=111.0 alloc_bytes=11703785881 VmRSS_kib=11431680
[metrics] name=DL elapsed_s=112.0 alloc_bytes=11703785881 VmRSS_kib=11431680
[metrics] name=DL elapsed_s=113.0 alloc_bytes=11703785881 VmRSS_kib=11431680
[metrics] name=DL elapsed_s=114.0 alloc_bytes=11703785881 VmRSS_kib=11431680
[metrics] name=DL elapsed_s=115.0 alloc_bytes=11703785881 VmRSS_kib=11431680
[metrics] name=DL elapsed_s=116.0 alloc_bytes=11703785881 VmRSS_kib=11431680
[metrics] name=DL elapsed_s=117.0 alloc_bytes=11703785881 VmRSS_kib=11431680
[metrics] name=DL elapsed_s=118.0 alloc_bytes=11703785881 VmRSS_kib=11431680
[metrics] name=DL elapsed_s=119.0 alloc_bytes=11703785881 VmRSS_kib=11431680
[metrics] name=DL elapsed_s=120.0 alloc_bytes=11703785881 VmRSS_kib=11431680
[metrics] name=DL elapsed_s=121.0 alloc_bytes=11703785881 VmRSS_kib=11431680
[metrics] name=DL elapsed_s=122.0 alloc_bytes=11703785881 VmRSS_kib=11431680
[metrics] name=DL elapsed_s=123.0 alloc_bytes=11703785881 VmRSS_kib=11431680
[metrics] name=DL elapsed_s=124.0 alloc_bytes=11703785881 VmRSS_kib=11431680
[metrics] name=DL elapsed_s=125.0 alloc_bytes=11703785881 VmRSS_kib=11431680
[metrics] name=DL elapsed_s=126.0 alloc_bytes=11703785881 VmRSS_kib=11431680
[metrics] name=DL elapsed_s=127.0 alloc_bytes=11703785881 VmRSS_kib=11431680
[metrics] name=DL elapsed_s=128.0 alloc_bytes=11703785881 VmRSS_kib=11431680
[metrics] name=DL elapsed_s=129.0 alloc_bytes=11703785881 VmRSS_kib=11431680
[metrics] name=DL elapsed_s=130.0 alloc_bytes=11703785881 VmRSS_kib=11431680
[metrics] name=DL elapsed_s=131.0 alloc_bytes=11703785881 VmRSS_kib=11431680
[metrics] name=DL elapsed_s=132.0 alloc_bytes=11703785881 VmRSS_kib=11431680
[metrics] name=DL elapsed_s=133.0 alloc_bytes=11703785881 VmRSS_kib=11431680
[metrics] name=DL elapsed_s=134.0 alloc_bytes=11703785881 VmRSS_kib=11431680
[metrics] name=DL elapsed_s=135.0 alloc_bytes=11703785881 VmRSS_kib=11431680
[metrics] name=DL elapsed_s=136.0 alloc_bytes=11703785881 VmRSS_kib=11431680
[metrics] name=DL elapsed_s=137.0 alloc_bytes=11703785881 VmRSS_kib=11431680
[metrics] name=DL elapsed_s=138.0 alloc_bytes=11703785881 VmRSS_kib=11431680
[metrics] name=DL elapsed_s=139.1 alloc_bytes=11703785881 VmRSS_kib=11431680
[metrics] name=DL elapsed_s=140.0 alloc_bytes=11703785881 VmRSS_kib=11431680
[metrics] name=DL elapsed_s=141.0 alloc_bytes=11703785881 VmRSS_kib=11431680
[metrics] name=DL elapsed_s=142.0 alloc_bytes=11703785881 VmRSS_kib=11431680
[metrics] name=DL elapsed_s=143.0 alloc_bytes=11703785881 VmRSS_kib=11431680
[metrics] name=DL elapsed_s=144.0 alloc_bytes=11703785881 VmRSS_kib=11431680
[metrics] name=DL elapsed_s=145.0 alloc_bytes=11703785881 VmRSS_kib=11431680
[metrics] name=DL elapsed_s=146.0 alloc_bytes=11703785881 VmRSS_kib=11431680
[metrics] name=DL elapsed_s=147.0 alloc_bytes=11703785881 VmRSS_kib=11431680
[metrics] name=DL elapsed_s=148.1 alloc_bytes=11703785881 VmRSS_kib=11431680
[metrics] name=DL elapsed_s=149.0 alloc_bytes=11703785881 VmRSS_kib=11431680
[metrics] name=DL elapsed_s=150.0 alloc_bytes=11703785881 VmRSS_kib=11431680
[metrics] name=DL elapsed_s=151.0 alloc_bytes=11703785881 VmRSS_kib=11431680
[metrics] name=DL elapsed_s=152.0 alloc_bytes=11703785881 VmRSS_kib=11431680
[metrics] name=DL elapsed_s=153.0 alloc_bytes=11703785881 VmRSS_kib=11431680
[metrics] name=DL elapsed_s=154.0 alloc_bytes=11703785881 VmRSS_kib=11431680
[metrics] name=DL elapsed_s=155.0 alloc_bytes=11703785881 VmRSS_kib=11431680
[metrics] name=DL elapsed_s=156.0 alloc_bytes=11703785881 VmRSS_kib=11431680
[metrics] name=DL elapsed_s=157.0 alloc_bytes=11703785881 VmRSS_kib=11431680
[metrics] name=DL elapsed_s=158.0 alloc_bytes=11703785881 VmRSS_kib=11431680
[metrics] name=DL elapsed_s=159.0 alloc_bytes=11703785881 VmRSS_kib=11431680
[metrics] name=DL elapsed_s=160.0 alloc_bytes=11703785881 VmRSS_kib=11431680
[metrics] name=DL elapsed_s=161.0 alloc_bytes=11703785881 VmRSS_kib=11431680
[metrics] name=DL elapsed_s=162.0 alloc_bytes=11703785881 VmRSS_kib=11431680
[metrics] name=DL elapsed_s=163.0 alloc_bytes=11703785881 VmRSS_kib=11431680
[metrics] name=DL elapsed_s=164.0 alloc_bytes=11703785881 VmRSS_kib=11431680
[metrics] name=DL elapsed_s=165.0 alloc_bytes=11703785881 VmRSS_kib=11431680
[metrics] name=DL elapsed_s=166.0 alloc_bytes=11703785881 VmRSS_kib=11431680
[metrics] name=DL elapsed_s=167.0 alloc_bytes=11703785881 VmRSS_kib=11431680
[metrics] name=DL elapsed_s=168.0 alloc_bytes=11703785881 VmRSS_kib=11431680
[metrics] name=DL elapsed_s=169.0 alloc_bytes=11703785881 VmRSS_kib=11431680
[metrics] name=DL elapsed_s=170.0 alloc_bytes=11703785881 VmRSS_kib=11431680
[metrics] name=DL elapsed_s=171.0 alloc_bytes=11703785881 VmRSS_kib=11431680
[metrics] name=DL elapsed_s=172.0 alloc_bytes=11703785881 VmRSS_kib=11431680
[metrics] name=DL elapsed_s=173.0 alloc_bytes=11703785881 VmRSS_kib=11431680
[metrics] name=DL elapsed_s=174.0 alloc_bytes=11703785881 VmRSS_kib=11431680
== Phase 3 ==
